mode: set
github.com/phnallamothu/sqlparser/analyzer.go:53.30,57.67 3 1
github.com/phnallamothu/sqlparser/analyzer.go:57.67,59.3 1 1
github.com/phnallamothu/sqlparser/analyzer.go:60.2,60.64 1 1
github.com/phnallamothu/sqlparser/analyzer.go:60.64,60.95 1 1
github.com/phnallamothu/sqlparser/analyzer.go:62.2,63.26 2 1
github.com/phnallamothu/sqlparser/analyzer.go:64.16,65.20 1 1
github.com/phnallamothu/sqlparser/analyzer.go:66.16,67.20 1 0
github.com/phnallamothu/sqlparser/analyzer.go:68.16,69.20 1 1
github.com/phnallamothu/sqlparser/analyzer.go:70.17,71.21 1 1
github.com/phnallamothu/sqlparser/analyzer.go:72.16,73.20 1 1
github.com/phnallamothu/sqlparser/analyzer.go:74.16,75.20 1 1
github.com/phnallamothu/sqlparser/analyzer.go:82.2,83.44 2 1
github.com/phnallamothu/sqlparser/analyzer.go:84.36,85.19 1 1
github.com/phnallamothu/sqlparser/analyzer.go:86.16,87.20 1 1
github.com/phnallamothu/sqlparser/analyzer.go:88.18,89.22 1 1
github.com/phnallamothu/sqlparser/analyzer.go:91.2,91.26 1 1
github.com/phnallamothu/sqlparser/analyzer.go:92.55,93.17 1 1
github.com/phnallamothu/sqlparser/analyzer.go:94.13,95.17 1 1
github.com/phnallamothu/sqlparser/analyzer.go:96.14,97.18 1 1
github.com/phnallamothu/sqlparser/analyzer.go:98.13,99.17 1 1
github.com/phnallamothu/sqlparser/analyzer.go:100.70,101.19 1 1
github.com/phnallamothu/sqlparser/analyzer.go:103.2,103.40 1 1
github.com/phnallamothu/sqlparser/analyzer.go:103.40,105.3 1 1
github.com/phnallamothu/sqlparser/analyzer.go:106.2,106.20 1 1
github.com/phnallamothu/sqlparser/analyzer.go:110.36,111.18 1 0
github.com/phnallamothu/sqlparser/analyzer.go:112.18,113.18 1 0
github.com/phnallamothu/sqlparser/analyzer.go:114.18,115.18 1 0
github.com/phnallamothu/sqlparser/analyzer.go:116.18,117.18 1 0
github.com/phnallamothu/sqlparser/analyzer.go:118.19,119.19 1 0
github.com/phnallamothu/sqlparser/analyzer.go:120.18,121.18 1 0
github.com/phnallamothu/sqlparser/analyzer.go:122.18,123.18 1 0
github.com/phnallamothu/sqlparser/analyzer.go:124.15,125.15 1 0
github.com/phnallamothu/sqlparser/analyzer.go:126.17,127.17 1 0
github.com/phnallamothu/sqlparser/analyzer.go:128.18,129.18 1 0
github.com/phnallamothu/sqlparser/analyzer.go:130.20,131.20 1 0
github.com/phnallamothu/sqlparser/analyzer.go:132.15,133.15 1 0
github.com/phnallamothu/sqlparser/analyzer.go:134.16,135.16 1 0
github.com/phnallamothu/sqlparser/analyzer.go:136.15,137.15 1 0
github.com/phnallamothu/sqlparser/analyzer.go:138.17,139.17 1 0
github.com/phnallamothu/sqlparser/analyzer.go:140.10,141.19 1 0
github.com/phnallamothu/sqlparser/analyzer.go:146.29,147.22 1 1
github.com/phnallamothu/sqlparser/analyzer.go:148.55,149.14 1 1
github.com/phnallamothu/sqlparser/analyzer.go:151.2,151.14 1 1
github.com/phnallamothu/sqlparser/analyzer.go:156.52,157.60 1 1
github.com/phnallamothu/sqlparser/analyzer.go:157.60,159.3 1 1
github.com/phnallamothu/sqlparser/analyzer.go:161.2,161.26 1 1
github.com/phnallamothu/sqlparser/analyzer.go:165.32,168.2 2 1
github.com/phnallamothu/sqlparser/analyzer.go:172.30,173.26 1 1
github.com/phnallamothu/sqlparser/analyzer.go:174.15,175.17 1 1
github.com/phnallamothu/sqlparser/analyzer.go:176.39,177.15 1 1
github.com/phnallamothu/sqlparser/analyzer.go:180.2,180.14 1 1
github.com/phnallamothu/sqlparser/analyzer.go:184.29,185.21 1 1
github.com/phnallamothu/sqlparser/analyzer.go:186.16,187.14 1 1
github.com/phnallamothu/sqlparser/analyzer.go:189.2,189.14 1 1
github.com/phnallamothu/sqlparser/analyzer.go:194.36,195.29 1 1
github.com/phnallamothu/sqlparser/analyzer.go:196.16,197.26 1 1
github.com/phnallamothu/sqlparser/analyzer.go:197.26,198.19 1 1
github.com/phnallamothu/sqlparser/analyzer.go:198.19,200.5 1 1
github.com/phnallamothu/sqlparser/analyzer.go:202.3,202.14 1 1
github.com/phnallamothu/sqlparser/analyzer.go:203.15,204.14 1 1
github.com/phnallamothu/sqlparser/analyzer.go:207.2,207.14 1 1
github.com/phnallamothu/sqlparser/analyzer.go:211.58,212.29 1 1
github.com/phnallamothu/sqlparser/analyzer.go:213.15,214.20 1 1
github.com/phnallamothu/sqlparser/analyzer.go:215.15,216.61 1 1
github.com/phnallamothu/sqlparser/analyzer.go:217.15,219.18 2 1
github.com/phnallamothu/sqlparser/analyzer.go:219.18,221.5 1 1
github.com/phnallamothu/sqlparser/analyzer.go:222.4,222.44 1 1
github.com/phnallamothu/sqlparser/analyzer.go:223.15,224.93 1 1
github.com/phnallamothu/sqlparser/analyzer.go:225.15,227.18 2 1
github.com/phnallamothu/sqlparser/analyzer.go:227.18,229.5 1 1
github.com/phnallamothu/sqlparser/analyzer.go:230.4,230.86 1 1
github.com/phnallamothu/sqlparser/analyzer.go:232.15,233.60 1 1
github.com/phnallamothu/sqlparser/analyzer.go:234.16,238.28 2 1
github.com/phnallamothu/sqlparser/analyzer.go:238.28,240.18 2 1
github.com/phnallamothu/sqlparser/analyzer.go:240.18,242.5 1 1
github.com/phnallamothu/sqlparser/analyzer.go:243.4,243.54 1 1
github.com/phnallamothu/sqlparser/analyzer.go:243.54,245.5 1 1
github.com/phnallamothu/sqlparser/analyzer.go:246.4,246.42 1 1
github.com/phnallamothu/sqlparser/analyzer.go:248.3,248.17 1 1
github.com/phnallamothu/sqlparser/analyzer.go:249.16,250.35 1 1
github.com/phnallamothu/sqlparser/analyzer.go:252.2,252.89 1 1
github.com/phnallamothu/sqlparser/analyzer.go:257.50,258.29 1 1
github.com/phnallamothu/sqlparser/analyzer.go:258.29,259.17 1 1
github.com/phnallamothu/sqlparser/analyzer.go:259.17,261.4 1 1
github.com/phnallamothu/sqlparser/analyzer.go:263.2,263.14 1 1
github.com/phnallamothu/sqlparser/analyzer.go:276.95,278.16 2 1
github.com/phnallamothu/sqlparser/analyzer.go:278.16,280.3 1 1
github.com/phnallamothu/sqlparser/analyzer.go:281.2,282.9 2 1
github.com/phnallamothu/sqlparser/analyzer.go:282.9,284.3 1 1
github.com/phnallamothu/sqlparser/analyzer.go:285.2,286.37 2 1
github.com/phnallamothu/sqlparser/analyzer.go:286.37,289.10 3 1
github.com/phnallamothu/sqlparser/analyzer.go:290.44,292.46 2 1
github.com/phnallamothu/sqlparser/analyzer.go:293.45,294.47 1 1
github.com/phnallamothu/sqlparser/analyzer.go:295.37,296.39 1 0
github.com/phnallamothu/sqlparser/analyzer.go:299.3,299.51 1 1
github.com/phnallamothu/sqlparser/analyzer.go:299.51,300.42 1 1
github.com/phnallamothu/sqlparser/analyzer.go:300.42,302.5 1 0
github.com/phnallamothu/sqlparser/analyzer.go:303.4,304.21 2 1
github.com/phnallamothu/sqlparser/analyzer.go:307.3,312.35 2 1
github.com/phnallamothu/sqlparser/analyzer.go:313.16,314.21 1 1
github.com/phnallamothu/sqlparser/analyzer.go:315.16,316.55 1 1
github.com/phnallamothu/sqlparser/analyzer.go:317.16,319.19 2 1
github.com/phnallamothu/sqlparser/analyzer.go:319.19,321.6 1 0
github.com/phnallamothu/sqlparser/analyzer.go:322.5,322.25 1 1
github.com/phnallamothu/sqlparser/analyzer.go:323.12,324.71 1 1
github.com/phnallamothu/sqlparser/analyzer.go:326.16,328.12 2 1
github.com/phnallamothu/sqlparser/analyzer.go:328.12,330.5 1 1
github.com/phnallamothu/sqlparser/analyzer.go:331.4,331.24 1 1
github.com/phnallamothu/sqlparser/analyzer.go:332.17,333.39 1 1
github.com/phnallamothu/sqlparser/analyzer.go:334.17,335.24 1 1
github.com/phnallamothu/sqlparser/analyzer.go:336.17,337.30 1 1
github.com/phnallamothu/sqlparser/analyzer.go:338.11,339.66 1 1
github.com/phnallamothu/sqlparser/analyzer.go:342.2,342.52 1 1
github.com/phnallamothu/sqlparser/ast.go:55.43,57.29 2 1
github.com/phnallamothu/sqlparser/ast.go:57.29,58.34 1 1
github.com/phnallamothu/sqlparser/ast.go:58.34,62.4 3 1
github.com/phnallamothu/sqlparser/ast.go:63.3,63.34 1 1
github.com/phnallamothu/sqlparser/ast.go:65.2,65.33 1 1
github.com/phnallamothu/sqlparser/ast.go:70.52,72.29 2 1
github.com/phnallamothu/sqlparser/ast.go:72.29,74.3 1 1
github.com/phnallamothu/sqlparser/ast.go:75.2,75.33 1 1
github.com/phnallamothu/sqlparser/ast.go:83.57,84.31 1 1
github.com/phnallamothu/sqlparser/ast.go:84.31,87.3 2 1
github.com/phnallamothu/sqlparser/ast.go:88.2,88.35 1 1
github.com/phnallamothu/sqlparser/ast.go:88.35,90.3 1 1
github.com/phnallamothu/sqlparser/ast.go:92.2,94.29 3 1
github.com/phnallamothu/sqlparser/ast.go:94.29,95.34 1 1
github.com/phnallamothu/sqlparser/ast.go:95.34,98.4 2 1
github.com/phnallamothu/sqlparser/ast.go:99.3,99.34 1 1
github.com/phnallamothu/sqlparser/ast.go:101.2,101.33 1 1
github.com/phnallamothu/sqlparser/ast.go:106.58,109.6 3 1
github.com/phnallamothu/sqlparser/ast.go:109.6,111.47 2 1
github.com/phnallamothu/sqlparser/ast.go:111.47,112.9 1 1
github.com/phnallamothu/sqlparser/ast.go:115.2,115.32 1 1
github.com/phnallamothu/sqlparser/ast.go:115.32,117.3 1 0
github.com/phnallamothu/sqlparser/ast.go:118.2,118.16 1 1
github.com/phnallamothu/sqlparser/ast.go:118.16,120.3 1 1
github.com/phnallamothu/sqlparser/ast.go:121.2,121.22 1 1
github.com/phnallamothu/sqlparser/ast.go:126.71,133.6 6 1
github.com/phnallamothu/sqlparser/ast.go:133.6,135.17 2 1
github.com/phnallamothu/sqlparser/ast.go:135.17,140.4 3 1
github.com/phnallamothu/sqlparser/ast.go:140.9,140.40 1 1
github.com/phnallamothu/sqlparser/ast.go:140.40,143.28 2 1
github.com/phnallamothu/sqlparser/ast.go:143.28,146.5 2 1
github.com/phnallamothu/sqlparser/ast.go:147.4,147.9 1 1
github.com/phnallamothu/sqlparser/ast.go:151.2,152.8 2 1
github.com/phnallamothu/sqlparser/ast.go:173.48,174.29 1 1
github.com/phnallamothu/sqlparser/ast.go:174.29,175.18 1 1
github.com/phnallamothu/sqlparser/ast.go:175.18,176.12 1 1
github.com/phnallamothu/sqlparser/ast.go:178.3,179.17 2 1
github.com/phnallamothu/sqlparser/ast.go:179.17,181.4 1 0
github.com/phnallamothu/sqlparser/ast.go:182.3,182.15 1 1
github.com/phnallamothu/sqlparser/ast.go:182.15,184.18 2 1
github.com/phnallamothu/sqlparser/ast.go:184.18,186.5 1 0
github.com/phnallamothu/sqlparser/ast.go:189.2,189.12 1 1
github.com/phnallamothu/sqlparser/ast.go:193.34,194.17 1 1
github.com/phnallamothu/sqlparser/ast.go:194.17,196.3 1 0
github.com/phnallamothu/sqlparser/ast.go:198.2,200.21 3 1
github.com/phnallamothu/sqlparser/ast.go:204.46,209.2 2 1
github.com/phnallamothu/sqlparser/ast.go:217.34,217.35 0 0
github.com/phnallamothu/sqlparser/ast.go:218.34,218.35 0 0
github.com/phnallamothu/sqlparser/ast.go:219.34,219.35 0 0
github.com/phnallamothu/sqlparser/ast.go:220.34,220.35 0 0
github.com/phnallamothu/sqlparser/ast.go:221.34,221.35 0 0
github.com/phnallamothu/sqlparser/ast.go:222.34,222.35 0 0
github.com/phnallamothu/sqlparser/ast.go:223.34,223.35 0 0
github.com/phnallamothu/sqlparser/ast.go:224.34,224.35 0 0
github.com/phnallamothu/sqlparser/ast.go:225.34,225.35 0 0
github.com/phnallamothu/sqlparser/ast.go:226.34,226.35 0 0
github.com/phnallamothu/sqlparser/ast.go:227.34,227.35 0 0
github.com/phnallamothu/sqlparser/ast.go:228.34,228.35 0 0
github.com/phnallamothu/sqlparser/ast.go:229.34,229.35 0 0
github.com/phnallamothu/sqlparser/ast.go:230.34,230.35 0 0
github.com/phnallamothu/sqlparser/ast.go:231.34,231.35 0 0
github.com/phnallamothu/sqlparser/ast.go:232.34,232.35 0 0
github.com/phnallamothu/sqlparser/ast.go:233.34,233.35 0 0
github.com/phnallamothu/sqlparser/ast.go:238.35,238.36 0 0
github.com/phnallamothu/sqlparser/ast.go:250.41,250.42 0 0
github.com/phnallamothu/sqlparser/ast.go:251.41,251.42 0 0
github.com/phnallamothu/sqlparser/ast.go:252.41,252.42 0 0
github.com/phnallamothu/sqlparser/ast.go:289.44,291.2 1 1
github.com/phnallamothu/sqlparser/ast.go:294.44,296.2 1 1
github.com/phnallamothu/sqlparser/ast.go:299.48,305.2 1 1
github.com/phnallamothu/sqlparser/ast.go:307.52,308.17 1 1
github.com/phnallamothu/sqlparser/ast.go:308.17,310.3 1 0
github.com/phnallamothu/sqlparser/ast.go:311.2,321.3 1 1
github.com/phnallamothu/sqlparser/ast.go:329.41,330.33 1 1
github.com/phnallamothu/sqlparser/ast.go:330.33,332.3 1 1
github.com/phnallamothu/sqlparser/ast.go:333.2,333.23 1 1
github.com/phnallamothu/sqlparser/ast.go:333.23,339.3 2 1
github.com/phnallamothu/sqlparser/ast.go:340.2,344.8 2 1
github.com/phnallamothu/sqlparser/ast.go:352.42,353.33 1 1
github.com/phnallamothu/sqlparser/ast.go:353.33,355.3 1 1
github.com/phnallamothu/sqlparser/ast.go:356.2,356.24 1 1
github.com/phnallamothu/sqlparser/ast.go:356.24,362.3 2 1
github.com/phnallamothu/sqlparser/ast.go:363.2,367.8 2 1
github.com/phnallamothu/sqlparser/ast.go:376.49,377.22 1 0
github.com/phnallamothu/sqlparser/ast.go:381.49,382.22 1 0
github.com/phnallamothu/sqlparser/ast.go:386.53,388.2 1 1
github.com/phnallamothu/sqlparser/ast.go:390.57,391.17 1 1
github.com/phnallamothu/sqlparser/ast.go:391.17,393.3 1 0
github.com/phnallamothu/sqlparser/ast.go:394.2,397.3 1 1
github.com/phnallamothu/sqlparser/ast.go:417.43,419.2 1 1
github.com/phnallamothu/sqlparser/ast.go:422.43,424.2 1 1
github.com/phnallamothu/sqlparser/ast.go:427.47,430.2 1 1
github.com/phnallamothu/sqlparser/ast.go:432.51,433.17 1 1
github.com/phnallamothu/sqlparser/ast.go:433.17,435.3 1 0
github.com/phnallamothu/sqlparser/ast.go:436.2,440.3 1 1
github.com/phnallamothu/sqlparser/ast.go:451.48,454.2 1 1
github.com/phnallamothu/sqlparser/ast.go:456.52,457.17 1 1
github.com/phnallamothu/sqlparser/ast.go:457.17,459.3 1 0
github.com/phnallamothu/sqlparser/ast.go:460.2,465.3 1 1
github.com/phnallamothu/sqlparser/ast.go:494.48,499.2 1 1
github.com/phnallamothu/sqlparser/ast.go:501.52,502.17 1 1
github.com/phnallamothu/sqlparser/ast.go:502.17,504.3 1 0
github.com/phnallamothu/sqlparser/ast.go:505.2,512.3 1 1
github.com/phnallamothu/sqlparser/ast.go:521.36,521.37 0 0
github.com/phnallamothu/sqlparser/ast.go:522.36,522.37 0 0
github.com/phnallamothu/sqlparser/ast.go:523.36,523.37 0 0
github.com/phnallamothu/sqlparser/ast.go:524.36,524.37 0 0
github.com/phnallamothu/sqlparser/ast.go:538.48,542.2 1 1
github.com/phnallamothu/sqlparser/ast.go:544.52,545.17 1 1
github.com/phnallamothu/sqlparser/ast.go:545.17,547.3 1 0
github.com/phnallamothu/sqlparser/ast.go:548.2,556.3 1 1
github.com/phnallamothu/sqlparser/ast.go:572.48,574.25 2 1
github.com/phnallamothu/sqlparser/ast.go:574.25,576.3 1 1
github.com/phnallamothu/sqlparser/ast.go:577.2,577.105 1 1
github.com/phnallamothu/sqlparser/ast.go:580.52,581.17 1 1
github.com/phnallamothu/sqlparser/ast.go:581.17,583.3 1 0
github.com/phnallamothu/sqlparser/ast.go:584.2,592.3 1 1
github.com/phnallamothu/sqlparser/ast.go:609.45,610.22 1 1
github.com/phnallamothu/sqlparser/ast.go:610.22,612.3 1 1
github.com/phnallamothu/sqlparser/ast.go:612.8,614.3 1 1
github.com/phnallamothu/sqlparser/ast.go:617.49,618.17 1 1
github.com/phnallamothu/sqlparser/ast.go:618.17,620.3 1 0
github.com/phnallamothu/sqlparser/ast.go:621.2,625.3 1 1
github.com/phnallamothu/sqlparser/ast.go:638.47,639.21 1 1
github.com/phnallamothu/sqlparser/ast.go:640.17,641.75 1 1
github.com/phnallamothu/sqlparser/ast.go:642.15,644.20 2 1
github.com/phnallamothu/sqlparser/ast.go:644.20,646.4 1 0
github.com/phnallamothu/sqlparser/ast.go:647.3,647.85 1 1
github.com/phnallamothu/sqlparser/ast.go:652.51,654.2 1 1
github.com/phnallamothu/sqlparser/ast.go:688.45,689.21 1 1
github.com/phnallamothu/sqlparser/ast.go:690.17,691.28 1 1
github.com/phnallamothu/sqlparser/ast.go:691.28,693.4 1 1
github.com/phnallamothu/sqlparser/ast.go:693.9,695.4 1 1
github.com/phnallamothu/sqlparser/ast.go:696.15,698.20 2 1
github.com/phnallamothu/sqlparser/ast.go:698.20,700.4 1 1
github.com/phnallamothu/sqlparser/ast.go:701.3,701.65 1 1
github.com/phnallamothu/sqlparser/ast.go:702.17,703.75 1 1
github.com/phnallamothu/sqlparser/ast.go:704.16,705.32 1 1
github.com/phnallamothu/sqlparser/ast.go:705.32,707.4 1 1
github.com/phnallamothu/sqlparser/ast.go:707.9,709.4 1 1
github.com/phnallamothu/sqlparser/ast.go:710.23,711.79 1 1
github.com/phnallamothu/sqlparser/ast.go:712.23,714.39 2 1
github.com/phnallamothu/sqlparser/ast.go:714.39,715.14 1 1
github.com/phnallamothu/sqlparser/ast.go:715.14,717.5 1 1
github.com/phnallamothu/sqlparser/ast.go:717.10,719.5 1 1
github.com/phnallamothu/sqlparser/ast.go:721.3,722.42 2 1
github.com/phnallamothu/sqlparser/ast.go:722.42,724.4 1 1
github.com/phnallamothu/sqlparser/ast.go:725.24,726.86 1 1
github.com/phnallamothu/sqlparser/ast.go:727.10,728.55 1 1
github.com/phnallamothu/sqlparser/ast.go:732.49,733.17 1 1
github.com/phnallamothu/sqlparser/ast.go:733.17,735.3 1 0
github.com/phnallamothu/sqlparser/ast.go:736.2,740.3 1 1
github.com/phnallamothu/sqlparser/ast.go:756.55,757.21 1 1
github.com/phnallamothu/sqlparser/ast.go:758.21,761.39 3 1
github.com/phnallamothu/sqlparser/ast.go:761.39,764.4 2 1
github.com/phnallamothu/sqlparser/ast.go:765.3,765.20 1 1
github.com/phnallamothu/sqlparser/ast.go:766.10,767.25 1 0
github.com/phnallamothu/sqlparser/ast.go:771.59,772.17 1 0
github.com/phnallamothu/sqlparser/ast.go:772.17,774.3 1 0
github.com/phnallamothu/sqlparser/ast.go:775.2,775.47 1 0
github.com/phnallamothu/sqlparser/ast.go:775.47,777.3 1 0
github.com/phnallamothu/sqlparser/ast.go:778.2,778.39 1 0
github.com/phnallamothu/sqlparser/ast.go:778.39,779.42 1 0
github.com/phnallamothu/sqlparser/ast.go:779.42,781.4 1 0
github.com/phnallamothu/sqlparser/ast.go:783.2,783.12 1 0
github.com/phnallamothu/sqlparser/ast.go:794.61,795.20 1 1
github.com/phnallamothu/sqlparser/ast.go:795.20,797.3 1 1
github.com/phnallamothu/sqlparser/ast.go:797.8,799.3 1 1
github.com/phnallamothu/sqlparser/ast.go:802.65,803.17 1 0
github.com/phnallamothu/sqlparser/ast.go:803.17,805.3 1 0
github.com/phnallamothu/sqlparser/ast.go:806.2,810.3 1 0
github.com/phnallamothu/sqlparser/ast.go:821.49,823.33 2 1
github.com/phnallamothu/sqlparser/ast.go:823.33,824.13 1 1
github.com/phnallamothu/sqlparser/ast.go:824.13,826.4 1 1
github.com/phnallamothu/sqlparser/ast.go:826.9,828.4 1 1
github.com/phnallamothu/sqlparser/ast.go:830.2,830.33 1 1
github.com/phnallamothu/sqlparser/ast.go:830.33,832.3 1 1
github.com/phnallamothu/sqlparser/ast.go:834.2,834.71 1 1
github.com/phnallamothu/sqlparser/ast.go:838.54,840.2 1 1
github.com/phnallamothu/sqlparser/ast.go:843.52,845.2 1 1
github.com/phnallamothu/sqlparser/ast.go:847.53,848.15 1 0
github.com/phnallamothu/sqlparser/ast.go:848.15,850.3 1 0
github.com/phnallamothu/sqlparser/ast.go:852.2,852.31 1 0
github.com/phnallamothu/sqlparser/ast.go:852.31,853.40 1 0
github.com/phnallamothu/sqlparser/ast.go:853.40,855.4 1 0
github.com/phnallamothu/sqlparser/ast.go:858.2,858.31 1 0
github.com/phnallamothu/sqlparser/ast.go:858.31,859.40 1 0
github.com/phnallamothu/sqlparser/ast.go:859.40,861.4 1 0
github.com/phnallamothu/sqlparser/ast.go:864.2,864.12 1 0
github.com/phnallamothu/sqlparser/ast.go:874.57,876.2 1 1
github.com/phnallamothu/sqlparser/ast.go:878.61,879.16 1 0
github.com/phnallamothu/sqlparser/ast.go:879.16,881.3 1 0
github.com/phnallamothu/sqlparser/ast.go:882.2,886.3 1 0
github.com/phnallamothu/sqlparser/ast.go:920.50,923.41 2 1
github.com/phnallamothu/sqlparser/ast.go:923.41,926.3 1 1
github.com/phnallamothu/sqlparser/ast.go:926.8,926.29 1 1
github.com/phnallamothu/sqlparser/ast.go:926.29,928.3 1 1
github.com/phnallamothu/sqlparser/ast.go:930.2,930.26 1 1
github.com/phnallamothu/sqlparser/ast.go:930.26,932.3 1 1
github.com/phnallamothu/sqlparser/ast.go:934.2,935.17 2 1
github.com/phnallamothu/sqlparser/ast.go:935.17,937.3 1 1
github.com/phnallamothu/sqlparser/ast.go:938.2,938.17 1 1
github.com/phnallamothu/sqlparser/ast.go:938.17,940.3 1 1
github.com/phnallamothu/sqlparser/ast.go:941.2,941.22 1 1
github.com/phnallamothu/sqlparser/ast.go:941.22,943.3 1 1
github.com/phnallamothu/sqlparser/ast.go:944.2,944.22 1 1
github.com/phnallamothu/sqlparser/ast.go:944.22,946.3 1 1
github.com/phnallamothu/sqlparser/ast.go:947.2,947.16 1 1
github.com/phnallamothu/sqlparser/ast.go:947.16,949.3 1 1
github.com/phnallamothu/sqlparser/ast.go:950.2,950.23 1 1
github.com/phnallamothu/sqlparser/ast.go:950.23,952.3 1 1
github.com/phnallamothu/sqlparser/ast.go:953.2,953.24 1 1
github.com/phnallamothu/sqlparser/ast.go:953.24,955.3 1 1
github.com/phnallamothu/sqlparser/ast.go:956.2,956.22 1 1
github.com/phnallamothu/sqlparser/ast.go:956.22,958.3 1 1
github.com/phnallamothu/sqlparser/ast.go:959.2,959.23 1 1
github.com/phnallamothu/sqlparser/ast.go:959.23,961.3 1 1
github.com/phnallamothu/sqlparser/ast.go:962.2,962.32 1 1
github.com/phnallamothu/sqlparser/ast.go:962.32,964.3 1 1
github.com/phnallamothu/sqlparser/ast.go:965.2,965.31 1 1
github.com/phnallamothu/sqlparser/ast.go:965.31,967.3 1 1
github.com/phnallamothu/sqlparser/ast.go:968.2,968.34 1 1
github.com/phnallamothu/sqlparser/ast.go:968.34,970.3 1 1
github.com/phnallamothu/sqlparser/ast.go:971.2,971.35 1 1
github.com/phnallamothu/sqlparser/ast.go:971.35,973.3 1 0
github.com/phnallamothu/sqlparser/ast.go:974.2,974.25 1 1
github.com/phnallamothu/sqlparser/ast.go:974.25,976.3 1 1
github.com/phnallamothu/sqlparser/ast.go:978.2,978.20 1 1
github.com/phnallamothu/sqlparser/ast.go:978.20,980.3 1 1
github.com/phnallamothu/sqlparser/ast.go:985.45,988.41 3 0
github.com/phnallamothu/sqlparser/ast.go:988.41,990.3 1 0
github.com/phnallamothu/sqlparser/ast.go:990.8,990.29 1 0
github.com/phnallamothu/sqlparser/ast.go:990.29,992.3 1 0
github.com/phnallamothu/sqlparser/ast.go:994.2,995.17 2 0
github.com/phnallamothu/sqlparser/ast.go:995.17,997.3 1 0
github.com/phnallamothu/sqlparser/ast.go:998.2,998.17 1 0
github.com/phnallamothu/sqlparser/ast.go:998.17,1000.3 1 0
github.com/phnallamothu/sqlparser/ast.go:1001.2,1001.20 1 0
github.com/phnallamothu/sqlparser/ast.go:1001.20,1003.3 1 0
github.com/phnallamothu/sqlparser/ast.go:1004.2,1004.21 1 0
github.com/phnallamothu/sqlparser/ast.go:1008.46,1009.17 1 0
github.com/phnallamothu/sqlparser/ast.go:1010.31,1011.18 1 0
github.com/phnallamothu/sqlparser/ast.go:1011.18,1013.4 1 0
github.com/phnallamothu/sqlparser/ast.go:1014.3,1014.23 1 0
github.com/phnallamothu/sqlparser/ast.go:1015.32,1016.18 1 0
github.com/phnallamothu/sqlparser/ast.go:1016.18,1018.4 1 0
github.com/phnallamothu/sqlparser/ast.go:1019.3,1019.24 1 0
github.com/phnallamothu/sqlparser/ast.go:1020.33,1021.18 1 0
github.com/phnallamothu/sqlparser/ast.go:1021.18,1023.4 1 0
github.com/phnallamothu/sqlparser/ast.go:1024.3,1024.24 1 0
github.com/phnallamothu/sqlparser/ast.go:1025.27,1026.14 1 0
github.com/phnallamothu/sqlparser/ast.go:1027.31,1028.18 1 0
github.com/phnallamothu/sqlparser/ast.go:1028.18,1030.4 1 0
github.com/phnallamothu/sqlparser/ast.go:1031.3,1031.24 1 0
github.com/phnallamothu/sqlparser/ast.go:1032.30,1033.18 1 0
github.com/phnallamothu/sqlparser/ast.go:1033.18,1035.4 1 0
github.com/phnallamothu/sqlparser/ast.go:1036.3,1036.24 1 0
github.com/phnallamothu/sqlparser/ast.go:1037.28,1038.23 1 0
github.com/phnallamothu/sqlparser/ast.go:1039.32,1040.23 1 0
github.com/phnallamothu/sqlparser/ast.go:1041.34,1042.23 1 0
github.com/phnallamothu/sqlparser/ast.go:1043.32,1044.23 1 0
github.com/phnallamothu/sqlparser/ast.go:1045.28,1046.23 1 0
github.com/phnallamothu/sqlparser/ast.go:1047.32,1048.23 1 0
github.com/phnallamothu/sqlparser/ast.go:1049.34,1050.23 1 0
github.com/phnallamothu/sqlparser/ast.go:1051.32,1052.23 1 0
github.com/phnallamothu/sqlparser/ast.go:1053.28,1054.23 1 0
github.com/phnallamothu/sqlparser/ast.go:1055.31,1056.26 1 0
github.com/phnallamothu/sqlparser/ast.go:1057.30,1058.25 1 0
github.com/phnallamothu/sqlparser/ast.go:1059.33,1060.28 1 0
github.com/phnallamothu/sqlparser/ast.go:1061.28,1062.23 1 0
github.com/phnallamothu/sqlparser/ast.go:1063.28,1064.23 1 0
github.com/phnallamothu/sqlparser/ast.go:1065.32,1066.27 1 0
github.com/phnallamothu/sqlparser/ast.go:1067.33,1068.28 1 0
github.com/phnallamothu/sqlparser/ast.go:1069.28,1070.23 1 0
github.com/phnallamothu/sqlparser/ast.go:1071.34,1072.26 1 0
github.com/phnallamothu/sqlparser/ast.go:1073.30,1074.26 1 0
github.com/phnallamothu/sqlparser/ast.go:1075.31,1076.26 1 0
github.com/phnallamothu/sqlparser/ast.go:1077.27,1078.22 1 0
github.com/phnallamothu/sqlparser/ast.go:1079.28,1080.23 1 0
github.com/phnallamothu/sqlparser/ast.go:1081.27,1082.22 1 0
github.com/phnallamothu/sqlparser/ast.go:1083.28,1084.27 1 0
github.com/phnallamothu/sqlparser/ast.go:1085.32,1086.27 1 0
github.com/phnallamothu/sqlparser/ast.go:1087.29,1088.27 1 0
github.com/phnallamothu/sqlparser/ast.go:1089.34,1090.27 1 0
github.com/phnallamothu/sqlparser/ast.go:1091.31,1092.27 1 0
github.com/phnallamothu/sqlparser/ast.go:1093.42,1094.27 1 0
github.com/phnallamothu/sqlparser/ast.go:1095.34,1096.27 1 0
github.com/phnallamothu/sqlparser/ast.go:1097.39,1098.27 1 0
github.com/phnallamothu/sqlparser/ast.go:1099.36,1100.27 1 0
github.com/phnallamothu/sqlparser/ast.go:1102.2,1102.40 1 0
github.com/phnallamothu/sqlparser/ast.go:1105.54,1107.2 1 0
github.com/phnallamothu/sqlparser/ast.go:1117.56,1119.34 2 1
github.com/phnallamothu/sqlparser/ast.go:1119.34,1120.13 1 1
github.com/phnallamothu/sqlparser/ast.go:1120.13,1122.4 1 1
github.com/phnallamothu/sqlparser/ast.go:1122.9,1124.4 1 1
github.com/phnallamothu/sqlparser/ast.go:1125.3,1125.24 1 1
github.com/phnallamothu/sqlparser/ast.go:1125.24,1127.4 1 1
github.com/phnallamothu/sqlparser/ast.go:1129.2,1131.34 2 1
github.com/phnallamothu/sqlparser/ast.go:1131.34,1133.22 2 1
github.com/phnallamothu/sqlparser/ast.go:1133.22,1135.4 1 1
github.com/phnallamothu/sqlparser/ast.go:1135.9,1137.4 1 1
github.com/phnallamothu/sqlparser/ast.go:1141.60,1142.16 1 0
github.com/phnallamothu/sqlparser/ast.go:1142.16,1144.3 1 0
github.com/phnallamothu/sqlparser/ast.go:1146.2,1146.32 1 0
github.com/phnallamothu/sqlparser/ast.go:1146.32,1147.47 1 0
github.com/phnallamothu/sqlparser/ast.go:1147.47,1149.4 1 0
github.com/phnallamothu/sqlparser/ast.go:1152.2,1152.12 1 0
github.com/phnallamothu/sqlparser/ast.go:1165.49,1166.16 1 1
github.com/phnallamothu/sqlparser/ast.go:1166.16,1168.3 1 1
github.com/phnallamothu/sqlparser/ast.go:1168.8,1170.3 1 1
github.com/phnallamothu/sqlparser/ast.go:1173.53,1175.2 1 0
github.com/phnallamothu/sqlparser/ast.go:1219.67,1222.32 3 0
github.com/phnallamothu/sqlparser/ast.go:1222.32,1223.40 1 0
github.com/phnallamothu/sqlparser/ast.go:1223.40,1225.4 1 0
github.com/phnallamothu/sqlparser/ast.go:1225.9,1227.4 1 0
github.com/phnallamothu/sqlparser/ast.go:1229.2,1229.22 1 0
github.com/phnallamothu/sqlparser/ast.go:1235.52,1239.20 3 1
github.com/phnallamothu/sqlparser/ast.go:1239.20,1241.33 2 1
github.com/phnallamothu/sqlparser/ast.go:1241.33,1242.14 1 1
github.com/phnallamothu/sqlparser/ast.go:1242.14,1244.5 1 1
github.com/phnallamothu/sqlparser/ast.go:1245.4,1245.25 1 1
github.com/phnallamothu/sqlparser/ast.go:1250.56,1255.16 2 0
github.com/phnallamothu/sqlparser/ast.go:1255.16,1257.3 1 0
github.com/phnallamothu/sqlparser/ast.go:1259.2,1259.32 1 0
github.com/phnallamothu/sqlparser/ast.go:1259.32,1262.17 2 0
github.com/phnallamothu/sqlparser/ast.go:1262.17,1264.4 1 0
github.com/phnallamothu/sqlparser/ast.go:1266.2,1266.12 1 0
github.com/phnallamothu/sqlparser/ast.go:1276.52,1278.2 1 1
github.com/phnallamothu/sqlparser/ast.go:1280.56,1284.2 1 0
github.com/phnallamothu/sqlparser/ast.go:1295.46,1296.56 1 1
github.com/phnallamothu/sqlparser/ast.go:1296.56,1298.23 2 1
github.com/phnallamothu/sqlparser/ast.go:1298.23,1299.25 1 1
github.com/phnallamothu/sqlparser/ast.go:1299.25,1301.5 1 1
github.com/phnallamothu/sqlparser/ast.go:1301.10,1303.5 1 1
github.com/phnallamothu/sqlparser/ast.go:1304.9,1305.25 1 1
github.com/phnallamothu/sqlparser/ast.go:1305.25,1307.5 1 1
github.com/phnallamothu/sqlparser/ast.go:1307.10,1309.5 1 1
github.com/phnallamothu/sqlparser/ast.go:1311.3,1311.9 1 1
github.com/phnallamothu/sqlparser/ast.go:1313.2,1313.22 1 1
github.com/phnallamothu/sqlparser/ast.go:1313.22,1315.3 1 1
github.com/phnallamothu/sqlparser/ast.go:1315.8,1317.3 1 1
github.com/phnallamothu/sqlparser/ast.go:1318.2,1318.23 1 1
github.com/phnallamothu/sqlparser/ast.go:1318.23,1320.3 1 1
github.com/phnallamothu/sqlparser/ast.go:1324.37,1326.2 1 1
github.com/phnallamothu/sqlparser/ast.go:1328.50,1330.2 1 1
github.com/phnallamothu/sqlparser/ast.go:1347.52,1348.21 1 1
github.com/phnallamothu/sqlparser/ast.go:1348.21,1350.3 1 1
github.com/phnallamothu/sqlparser/ast.go:1350.8,1352.3 1 1
github.com/phnallamothu/sqlparser/ast.go:1355.56,1357.2 1 0
github.com/phnallamothu/sqlparser/ast.go:1365.50,1367.23 2 1
github.com/phnallamothu/sqlparser/ast.go:1367.23,1369.3 1 1
github.com/phnallamothu/sqlparser/ast.go:1373.41,1375.2 1 1
github.com/phnallamothu/sqlparser/ast.go:1377.54,1379.2 1 1
github.com/phnallamothu/sqlparser/ast.go:1387.45,1388.25 1 1
github.com/phnallamothu/sqlparser/ast.go:1388.25,1390.3 1 1
github.com/phnallamothu/sqlparser/ast.go:1390.8,1392.3 1 0
github.com/phnallamothu/sqlparser/ast.go:1395.49,1397.2 1 1
github.com/phnallamothu/sqlparser/ast.go:1403.47,1405.2 1 1
github.com/phnallamothu/sqlparser/ast.go:1407.51,1409.2 1 1
github.com/phnallamothu/sqlparser/ast.go:1415.48,1417.2 1 1
github.com/phnallamothu/sqlparser/ast.go:1419.52,1421.2 1 1
github.com/phnallamothu/sqlparser/ast.go:1427.50,1429.2 1 1
github.com/phnallamothu/sqlparser/ast.go:1431.54,1433.2 1 1
github.com/phnallamothu/sqlparser/ast.go:1441.51,1443.2 1 1
github.com/phnallamothu/sqlparser/ast.go:1445.55,1447.2 1 1
github.com/phnallamothu/sqlparser/ast.go:1456.52,1458.2 1 1
github.com/phnallamothu/sqlparser/ast.go:1460.56,1462.2 1 1
github.com/phnallamothu/sqlparser/ast.go:1468.49,1469.25 1 1
github.com/phnallamothu/sqlparser/ast.go:1469.25,1471.3 1 1
github.com/phnallamothu/sqlparser/ast.go:1474.53,1476.2 1 1
github.com/phnallamothu/sqlparser/ast.go:1482.52,1484.25 2 1
github.com/phnallamothu/sqlparser/ast.go:1484.25,1487.3 2 1
github.com/phnallamothu/sqlparser/ast.go:1490.56,1491.25 1 1
github.com/phnallamothu/sqlparser/ast.go:1491.25,1492.40 1 1
github.com/phnallamothu/sqlparser/ast.go:1492.40,1494.4 1 0
github.com/phnallamothu/sqlparser/ast.go:1496.2,1496.12 1 1
github.com/phnallamothu/sqlparser/ast.go:1505.36,1505.37 0 0
github.com/phnallamothu/sqlparser/ast.go:1506.36,1506.37 0 0
github.com/phnallamothu/sqlparser/ast.go:1507.36,1507.37 0 0
github.com/phnallamothu/sqlparser/ast.go:1515.50,1516.31 1 1
github.com/phnallamothu/sqlparser/ast.go:1516.31,1518.3 1 1
github.com/phnallamothu/sqlparser/ast.go:1519.2,1519.19 1 1
github.com/phnallamothu/sqlparser/ast.go:1522.54,1523.17 1 1
github.com/phnallamothu/sqlparser/ast.go:1523.17,1525.3 1 0
github.com/phnallamothu/sqlparser/ast.go:1526.2,1529.3 1 1
github.com/phnallamothu/sqlparser/ast.go:1539.53,1541.24 2 1
github.com/phnallamothu/sqlparser/ast.go:1541.24,1543.3 1 1
github.com/phnallamothu/sqlparser/ast.go:1546.57,1547.17 1 1
github.com/phnallamothu/sqlparser/ast.go:1547.17,1549.3 1 0
github.com/phnallamothu/sqlparser/ast.go:1550.2,1554.3 1 1
github.com/phnallamothu/sqlparser/ast.go:1563.48,1565.2 1 1
github.com/phnallamothu/sqlparser/ast.go:1567.52,1569.2 1 1
github.com/phnallamothu/sqlparser/ast.go:1575.48,1576.17 1 1
github.com/phnallamothu/sqlparser/ast.go:1576.17,1578.3 1 1
github.com/phnallamothu/sqlparser/ast.go:1579.2,1580.25 2 1
github.com/phnallamothu/sqlparser/ast.go:1580.25,1583.3 2 1
github.com/phnallamothu/sqlparser/ast.go:1584.2,1584.22 1 1
github.com/phnallamothu/sqlparser/ast.go:1587.52,1588.25 1 1
github.com/phnallamothu/sqlparser/ast.go:1588.25,1589.40 1 1
github.com/phnallamothu/sqlparser/ast.go:1589.40,1591.4 1 0
github.com/phnallamothu/sqlparser/ast.go:1593.2,1593.12 1 1
github.com/phnallamothu/sqlparser/ast.go:1598.50,1599.31 1 1
github.com/phnallamothu/sqlparser/ast.go:1599.31,1600.25 1 1
github.com/phnallamothu/sqlparser/ast.go:1600.25,1602.4 1 1
github.com/phnallamothu/sqlparser/ast.go:1604.2,1604.11 1 1
github.com/phnallamothu/sqlparser/ast.go:1611.51,1612.17 1 1
github.com/phnallamothu/sqlparser/ast.go:1612.17,1614.3 1 1
github.com/phnallamothu/sqlparser/ast.go:1615.2,1616.25 2 1
github.com/phnallamothu/sqlparser/ast.go:1616.25,1619.3 2 1
github.com/phnallamothu/sqlparser/ast.go:1620.2,1620.22 1 1
github.com/phnallamothu/sqlparser/ast.go:1623.55,1624.25 1 0
github.com/phnallamothu/sqlparser/ast.go:1624.25,1625.40 1 0
github.com/phnallamothu/sqlparser/ast.go:1625.40,1627.4 1 0
github.com/phnallamothu/sqlparser/ast.go:1629.2,1629.12 1 0
github.com/phnallamothu/sqlparser/ast.go:1636.51,1638.25 2 1
github.com/phnallamothu/sqlparser/ast.go:1638.25,1641.3 2 1
github.com/phnallamothu/sqlparser/ast.go:1644.55,1645.25 1 1
github.com/phnallamothu/sqlparser/ast.go:1645.25,1646.40 1 1
github.com/phnallamothu/sqlparser/ast.go:1646.40,1648.4 1 0
github.com/phnallamothu/sqlparser/ast.go:1650.2,1650.12 1 1
github.com/phnallamothu/sqlparser/ast.go:1659.40,1659.41 0 0
github.com/phnallamothu/sqlparser/ast.go:1660.40,1660.41 0 0
github.com/phnallamothu/sqlparser/ast.go:1661.40,1661.41 0 0
github.com/phnallamothu/sqlparser/ast.go:1674.58,1676.24 2 1
github.com/phnallamothu/sqlparser/ast.go:1676.24,1678.3 1 1
github.com/phnallamothu/sqlparser/ast.go:1679.2,1679.23 1 1
github.com/phnallamothu/sqlparser/ast.go:1679.23,1682.3 1 1
github.com/phnallamothu/sqlparser/ast.go:1685.62,1686.17 1 1
github.com/phnallamothu/sqlparser/ast.go:1686.17,1688.3 1 0
github.com/phnallamothu/sqlparser/ast.go:1689.2,1694.3 1 1
github.com/phnallamothu/sqlparser/ast.go:1698.63,1702.2 3 1
github.com/phnallamothu/sqlparser/ast.go:1710.38,1710.39 0 0
github.com/phnallamothu/sqlparser/ast.go:1711.38,1711.39 0 0
github.com/phnallamothu/sqlparser/ast.go:1717.51,1719.25 2 1
github.com/phnallamothu/sqlparser/ast.go:1719.25,1722.3 2 1
github.com/phnallamothu/sqlparser/ast.go:1725.55,1726.25 1 1
github.com/phnallamothu/sqlparser/ast.go:1726.25,1727.40 1 1
github.com/phnallamothu/sqlparser/ast.go:1727.40,1729.4 1 0
github.com/phnallamothu/sqlparser/ast.go:1731.2,1731.12 1 1
github.com/phnallamothu/sqlparser/ast.go:1745.50,1746.20 1 1
github.com/phnallamothu/sqlparser/ast.go:1746.20,1748.3 1 0
github.com/phnallamothu/sqlparser/ast.go:1749.2,1749.31 1 1
github.com/phnallamothu/sqlparser/ast.go:1749.31,1751.3 1 1
github.com/phnallamothu/sqlparser/ast.go:1752.2,1752.31 1 1
github.com/phnallamothu/sqlparser/ast.go:1755.54,1761.2 1 1
github.com/phnallamothu/sqlparser/ast.go:1764.38,1767.2 1 1
github.com/phnallamothu/sqlparser/ast.go:1772.46,1777.2 1 1
github.com/phnallamothu/sqlparser/ast.go:1785.56,1787.2 1 1
github.com/phnallamothu/sqlparser/ast.go:1789.60,1790.17 1 1
github.com/phnallamothu/sqlparser/ast.go:1790.17,1792.3 1 0
github.com/phnallamothu/sqlparser/ast.go:1793.2,1796.3 1 1
github.com/phnallamothu/sqlparser/ast.go:1807.54,1808.20 1 1
github.com/phnallamothu/sqlparser/ast.go:1808.20,1810.3 1 1
github.com/phnallamothu/sqlparser/ast.go:1811.2,1811.23 1 1
github.com/phnallamothu/sqlparser/ast.go:1811.23,1813.3 1 1
github.com/phnallamothu/sqlparser/ast.go:1816.58,1822.2 1 1
github.com/phnallamothu/sqlparser/ast.go:1844.55,1846.2 1 1
github.com/phnallamothu/sqlparser/ast.go:1848.59,1849.17 1 1
github.com/phnallamothu/sqlparser/ast.go:1849.17,1851.3 1 0
github.com/phnallamothu/sqlparser/ast.go:1852.2,1857.3 1 1
github.com/phnallamothu/sqlparser/ast.go:1874.52,1877.33 3 1
github.com/phnallamothu/sqlparser/ast.go:1877.33,1880.3 2 1
github.com/phnallamothu/sqlparser/ast.go:1881.2,1881.19 1 1
github.com/phnallamothu/sqlparser/ast.go:1884.56,1885.17 1 1
github.com/phnallamothu/sqlparser/ast.go:1885.17,1887.3 1 1
github.com/phnallamothu/sqlparser/ast.go:1888.2,1888.33 1 1
github.com/phnallamothu/sqlparser/ast.go:1888.33,1889.40 1 1
github.com/phnallamothu/sqlparser/ast.go:1889.40,1891.4 1 0
github.com/phnallamothu/sqlparser/ast.go:1893.2,1893.12 1 1
github.com/phnallamothu/sqlparser/ast.go:1910.45,1911.17 1 1
github.com/phnallamothu/sqlparser/ast.go:1911.17,1913.3 1 1
github.com/phnallamothu/sqlparser/ast.go:1914.2,1914.38 1 1
github.com/phnallamothu/sqlparser/ast.go:1918.47,1919.37 1 1
github.com/phnallamothu/sqlparser/ast.go:1919.37,1921.3 1 1
github.com/phnallamothu/sqlparser/ast.go:1922.2,1922.46 1 1
github.com/phnallamothu/sqlparser/ast.go:1925.51,1926.17 1 1
github.com/phnallamothu/sqlparser/ast.go:1926.17,1928.3 1 1
github.com/phnallamothu/sqlparser/ast.go:1929.2,1932.3 1 1
github.com/phnallamothu/sqlparser/ast.go:1945.35,1945.36 0 0
github.com/phnallamothu/sqlparser/ast.go:1946.35,1946.36 0 0
github.com/phnallamothu/sqlparser/ast.go:1947.35,1947.36 0 0
github.com/phnallamothu/sqlparser/ast.go:1948.35,1948.36 0 0
github.com/phnallamothu/sqlparser/ast.go:1949.35,1949.36 0 0
github.com/phnallamothu/sqlparser/ast.go:1950.35,1950.36 0 0
github.com/phnallamothu/sqlparser/ast.go:1951.35,1951.36 0 0
github.com/phnallamothu/sqlparser/ast.go:1952.35,1952.36 0 0
github.com/phnallamothu/sqlparser/ast.go:1953.35,1953.36 0 0
github.com/phnallamothu/sqlparser/ast.go:1954.35,1954.36 0 0
github.com/phnallamothu/sqlparser/ast.go:1955.35,1955.36 0 0
github.com/phnallamothu/sqlparser/ast.go:1956.35,1956.36 0 0
github.com/phnallamothu/sqlparser/ast.go:1957.35,1957.36 0 0
github.com/phnallamothu/sqlparser/ast.go:1958.35,1958.36 0 0
github.com/phnallamothu/sqlparser/ast.go:1959.35,1959.36 0 0
github.com/phnallamothu/sqlparser/ast.go:1960.35,1960.36 0 0
github.com/phnallamothu/sqlparser/ast.go:1961.35,1961.36 0 0
github.com/phnallamothu/sqlparser/ast.go:1962.35,1962.36 0 0
github.com/phnallamothu/sqlparser/ast.go:1963.35,1963.36 0 0
github.com/phnallamothu/sqlparser/ast.go:1964.35,1964.36 0 0
github.com/phnallamothu/sqlparser/ast.go:1965.35,1965.36 0 0
github.com/phnallamothu/sqlparser/ast.go:1966.35,1966.36 0 0
github.com/phnallamothu/sqlparser/ast.go:1967.35,1967.36 0 0
github.com/phnallamothu/sqlparser/ast.go:1968.35,1968.36 0 0
github.com/phnallamothu/sqlparser/ast.go:1969.35,1969.36 0 0
github.com/phnallamothu/sqlparser/ast.go:1970.35,1970.36 0 0
github.com/phnallamothu/sqlparser/ast.go:1971.35,1971.36 0 0
github.com/phnallamothu/sqlparser/ast.go:1972.35,1972.36 0 0
github.com/phnallamothu/sqlparser/ast.go:1977.44,1978.18 1 1
github.com/phnallamothu/sqlparser/ast.go:1978.18,1980.3 1 1
github.com/phnallamothu/sqlparser/ast.go:1981.2,1982.13 2 1
github.com/phnallamothu/sqlparser/ast.go:1987.55,1988.29 1 1
github.com/phnallamothu/sqlparser/ast.go:1988.29,1989.19 1 1
github.com/phnallamothu/sqlparser/ast.go:1989.19,1990.12 1 0
github.com/phnallamothu/sqlparser/ast.go:1992.3,1992.20 1 1
github.com/phnallamothu/sqlparser/ast.go:1992.20,1995.4 2 1
github.com/phnallamothu/sqlparser/ast.go:1996.3,1996.32 1 1
github.com/phnallamothu/sqlparser/ast.go:1996.32,1998.4 1 1
github.com/phnallamothu/sqlparser/ast.go:2000.2,2000.14 1 1
github.com/phnallamothu/sqlparser/ast.go:2008.46,2010.25 2 1
github.com/phnallamothu/sqlparser/ast.go:2010.25,2013.3 2 1
github.com/phnallamothu/sqlparser/ast.go:2016.50,2017.25 1 1
github.com/phnallamothu/sqlparser/ast.go:2017.25,2018.40 1 1
github.com/phnallamothu/sqlparser/ast.go:2018.40,2020.4 1 0
github.com/phnallamothu/sqlparser/ast.go:2022.2,2022.12 1 1
github.com/phnallamothu/sqlparser/ast.go:2031.49,2033.2 1 1
github.com/phnallamothu/sqlparser/ast.go:2035.53,2036.17 1 1
github.com/phnallamothu/sqlparser/ast.go:2036.17,2038.3 1 0
github.com/phnallamothu/sqlparser/ast.go:2039.2,2043.3 1 1
github.com/phnallamothu/sqlparser/ast.go:2046.50,2048.2 1 1
github.com/phnallamothu/sqlparser/ast.go:2056.48,2058.2 1 1
github.com/phnallamothu/sqlparser/ast.go:2060.52,2061.17 1 1
github.com/phnallamothu/sqlparser/ast.go:2061.17,2063.3 1 0
github.com/phnallamothu/sqlparser/ast.go:2064.2,2068.3 1 1
github.com/phnallamothu/sqlparser/ast.go:2071.49,2073.2 1 1
github.com/phnallamothu/sqlparser/ast.go:2081.49,2083.2 1 1
github.com/phnallamothu/sqlparser/ast.go:2085.53,2086.17 1 1
github.com/phnallamothu/sqlparser/ast.go:2086.17,2088.3 1 0
github.com/phnallamothu/sqlparser/ast.go:2089.2,2092.3 1 1
github.com/phnallamothu/sqlparser/ast.go:2095.50,2097.2 1 1
github.com/phnallamothu/sqlparser/ast.go:2105.51,2107.2 1 1
github.com/phnallamothu/sqlparser/ast.go:2109.55,2110.17 1 1
github.com/phnallamothu/sqlparser/ast.go:2110.17,2112.3 1 0
github.com/phnallamothu/sqlparser/ast.go:2113.2,2116.3 1 1
github.com/phnallamothu/sqlparser/ast.go:2119.52,2121.2 1 1
github.com/phnallamothu/sqlparser/ast.go:2150.56,2152.24 2 1
github.com/phnallamothu/sqlparser/ast.go:2152.24,2154.3 1 1
github.com/phnallamothu/sqlparser/ast.go:2157.60,2158.17 1 1
github.com/phnallamothu/sqlparser/ast.go:2158.17,2160.3 1 0
github.com/phnallamothu/sqlparser/ast.go:2161.2,2166.3 1 1
github.com/phnallamothu/sqlparser/ast.go:2169.57,2171.2 1 1
github.com/phnallamothu/sqlparser/ast.go:2187.51,2189.2 1 1
github.com/phnallamothu/sqlparser/ast.go:2191.55,2192.17 1 1
github.com/phnallamothu/sqlparser/ast.go:2192.17,2194.3 1 0
github.com/phnallamothu/sqlparser/ast.go:2195.2,2200.3 1 1
github.com/phnallamothu/sqlparser/ast.go:2203.52,2205.2 1 1
github.com/phnallamothu/sqlparser/ast.go:2224.48,2226.2 1 1
github.com/phnallamothu/sqlparser/ast.go:2228.52,2229.17 1 1
github.com/phnallamothu/sqlparser/ast.go:2229.17,2231.3 1 0
github.com/phnallamothu/sqlparser/ast.go:2232.2,2235.3 1 1
github.com/phnallamothu/sqlparser/ast.go:2238.49,2240.2 1 1
github.com/phnallamothu/sqlparser/ast.go:2248.52,2250.2 1 1
github.com/phnallamothu/sqlparser/ast.go:2252.56,2253.17 1 1
github.com/phnallamothu/sqlparser/ast.go:2253.17,2255.3 1 0
github.com/phnallamothu/sqlparser/ast.go:2256.2,2259.3 1 1
github.com/phnallamothu/sqlparser/ast.go:2262.53,2264.2 1 1
github.com/phnallamothu/sqlparser/ast.go:2267.56,2269.9 1 1
github.com/phnallamothu/sqlparser/ast.go:2270.37,2271.25 1 1
github.com/phnallamothu/sqlparser/ast.go:2272.26,2273.41 1 1
github.com/phnallamothu/sqlparser/ast.go:2274.59,2275.43 1 1
github.com/phnallamothu/sqlparser/ast.go:2276.24,2277.41 1 1
github.com/phnallamothu/sqlparser/ast.go:2278.10,2280.66 1 1
github.com/phnallamothu/sqlparser/ast.go:2309.35,2311.2 1 1
github.com/phnallamothu/sqlparser/ast.go:2314.35,2316.2 1 1
github.com/phnallamothu/sqlparser/ast.go:2319.37,2321.2 1 1
github.com/phnallamothu/sqlparser/ast.go:2324.35,2326.2 1 1
github.com/phnallamothu/sqlparser/ast.go:2329.35,2331.2 1 1
github.com/phnallamothu/sqlparser/ast.go:2334.35,2336.2 1 1
github.com/phnallamothu/sqlparser/ast.go:2339.35,2341.2 1 1
github.com/phnallamothu/sqlparser/ast.go:2344.48,2345.19 1 1
github.com/phnallamothu/sqlparser/ast.go:2346.14,2347.68 1 1
github.com/phnallamothu/sqlparser/ast.go:2348.32,2349.39 1 1
github.com/phnallamothu/sqlparser/ast.go:2350.14,2351.42 1 1
github.com/phnallamothu/sqlparser/ast.go:2352.14,2353.42 1 1
github.com/phnallamothu/sqlparser/ast.go:2354.14,2355.33 1 1
github.com/phnallamothu/sqlparser/ast.go:2356.10,2357.22 1 0
github.com/phnallamothu/sqlparser/ast.go:2361.52,2363.2 1 1
github.com/phnallamothu/sqlparser/ast.go:2365.49,2367.2 1 1
github.com/phnallamothu/sqlparser/ast.go:2370.49,2373.16 3 1
github.com/phnallamothu/sqlparser/ast.go:2373.16,2375.3 1 1
github.com/phnallamothu/sqlparser/ast.go:2376.2,2376.17 1 1
github.com/phnallamothu/sqlparser/ast.go:2383.49,2385.2 1 1
github.com/phnallamothu/sqlparser/ast.go:2387.53,2389.2 1 1
github.com/phnallamothu/sqlparser/ast.go:2391.50,2393.2 1 0
github.com/phnallamothu/sqlparser/ast.go:2399.48,2400.10 1 1
github.com/phnallamothu/sqlparser/ast.go:2400.10,2402.3 1 1
github.com/phnallamothu/sqlparser/ast.go:2402.8,2404.3 1 1
github.com/phnallamothu/sqlparser/ast.go:2407.52,2409.2 1 1
github.com/phnallamothu/sqlparser/ast.go:2411.49,2413.2 1 0
github.com/phnallamothu/sqlparser/ast.go:2427.49,2428.31 1 1
github.com/phnallamothu/sqlparser/ast.go:2428.31,2430.3 1 1
github.com/phnallamothu/sqlparser/ast.go:2431.2,2431.31 1 1
github.com/phnallamothu/sqlparser/ast.go:2434.53,2435.17 1 1
github.com/phnallamothu/sqlparser/ast.go:2435.17,2437.3 1 0
github.com/phnallamothu/sqlparser/ast.go:2438.2,2442.3 1 1
github.com/phnallamothu/sqlparser/ast.go:2445.50,2447.2 1 1
github.com/phnallamothu/sqlparser/ast.go:2450.45,2452.29 1 1
github.com/phnallamothu/sqlparser/ast.go:2452.29,2454.3 1 1
github.com/phnallamothu/sqlparser/ast.go:2455.2,2455.65 1 1
github.com/phnallamothu/sqlparser/ast.go:2465.31,2465.32 0 0
github.com/phnallamothu/sqlparser/ast.go:2466.31,2466.32 0 0
github.com/phnallamothu/sqlparser/ast.go:2467.31,2467.32 0 0
github.com/phnallamothu/sqlparser/ast.go:2473.49,2475.2 1 1
github.com/phnallamothu/sqlparser/ast.go:2477.53,2479.2 1 1
github.com/phnallamothu/sqlparser/ast.go:2481.50,2482.22 1 1
github.com/phnallamothu/sqlparser/ast.go:2482.22,2483.39 1 1
github.com/phnallamothu/sqlparser/ast.go:2483.39,2485.4 1 1
github.com/phnallamothu/sqlparser/ast.go:2487.2,2487.14 1 0
github.com/phnallamothu/sqlparser/ast.go:2496.50,2498.2 1 1
github.com/phnallamothu/sqlparser/ast.go:2500.54,2501.17 1 1
github.com/phnallamothu/sqlparser/ast.go:2501.17,2503.3 1 0
github.com/phnallamothu/sqlparser/ast.go:2504.2,2507.3 1 1
github.com/phnallamothu/sqlparser/ast.go:2510.51,2512.2 1 0
github.com/phnallamothu/sqlparser/ast.go:2518.48,2520.2 1 1
github.com/phnallamothu/sqlparser/ast.go:2522.52,2524.2 1 1
github.com/phnallamothu/sqlparser/ast.go:2526.49,2528.2 1 0
github.com/phnallamothu/sqlparser/ast.go:2552.52,2554.2 1 1
github.com/phnallamothu/sqlparser/ast.go:2556.56,2557.17 1 1
github.com/phnallamothu/sqlparser/ast.go:2557.17,2559.3 1 0
github.com/phnallamothu/sqlparser/ast.go:2560.2,2564.3 1 1
github.com/phnallamothu/sqlparser/ast.go:2567.53,2569.2 1 1
github.com/phnallamothu/sqlparser/ast.go:2588.51,2589.47 1 1
github.com/phnallamothu/sqlparser/ast.go:2589.47,2592.3 2 1
github.com/phnallamothu/sqlparser/ast.go:2593.2,2593.48 1 1
github.com/phnallamothu/sqlparser/ast.go:2596.55,2597.17 1 1
github.com/phnallamothu/sqlparser/ast.go:2597.17,2599.3 1 0
github.com/phnallamothu/sqlparser/ast.go:2600.2,2603.3 1 1
github.com/phnallamothu/sqlparser/ast.go:2606.52,2608.2 1 1
github.com/phnallamothu/sqlparser/ast.go:2617.54,2619.2 1 1
github.com/phnallamothu/sqlparser/ast.go:2621.58,2622.17 1 1
github.com/phnallamothu/sqlparser/ast.go:2622.17,2624.3 1 0
github.com/phnallamothu/sqlparser/ast.go:2625.2,2628.3 1 1
github.com/phnallamothu/sqlparser/ast.go:2631.55,2633.2 1 1
github.com/phnallamothu/sqlparser/ast.go:2642.53,2644.2 1 1
github.com/phnallamothu/sqlparser/ast.go:2646.57,2647.17 1 1
github.com/phnallamothu/sqlparser/ast.go:2647.17,2649.3 1 0
github.com/phnallamothu/sqlparser/ast.go:2650.2,2653.3 1 1
github.com/phnallamothu/sqlparser/ast.go:2656.54,2658.2 1 1
github.com/phnallamothu/sqlparser/ast.go:2669.50,2671.19 2 1
github.com/phnallamothu/sqlparser/ast.go:2671.19,2673.3 1 1
github.com/phnallamothu/sqlparser/ast.go:2674.2,2674.31 1 1
github.com/phnallamothu/sqlparser/ast.go:2674.31,2676.3 1 1
github.com/phnallamothu/sqlparser/ast.go:2680.2,2680.68 1 1
github.com/phnallamothu/sqlparser/ast.go:2683.54,2684.17 1 1
github.com/phnallamothu/sqlparser/ast.go:2684.17,2686.3 1 0
github.com/phnallamothu/sqlparser/ast.go:2687.2,2692.3 1 1
github.com/phnallamothu/sqlparser/ast.go:2695.51,2696.33 1 1
github.com/phnallamothu/sqlparser/ast.go:2696.33,2698.10 2 1
github.com/phnallamothu/sqlparser/ast.go:2698.10,2699.12 1 0
github.com/phnallamothu/sqlparser/ast.go:2701.3,2701.44 1 1
github.com/phnallamothu/sqlparser/ast.go:2701.44,2703.4 1 1
github.com/phnallamothu/sqlparser/ast.go:2705.2,2705.14 1 0
github.com/phnallamothu/sqlparser/ast.go:2729.42,2731.2 1 1
github.com/phnallamothu/sqlparser/ast.go:2742.57,2744.2 1 1
github.com/phnallamothu/sqlparser/ast.go:2746.61,2747.17 1 1
github.com/phnallamothu/sqlparser/ast.go:2747.17,2749.3 1 0
github.com/phnallamothu/sqlparser/ast.go:2750.2,2754.3 1 1
github.com/phnallamothu/sqlparser/ast.go:2757.58,2758.33 1 1
github.com/phnallamothu/sqlparser/ast.go:2758.33,2760.10 2 1
github.com/phnallamothu/sqlparser/ast.go:2760.10,2761.12 1 0
github.com/phnallamothu/sqlparser/ast.go:2763.3,2763.44 1 1
github.com/phnallamothu/sqlparser/ast.go:2763.44,2765.4 1 1
github.com/phnallamothu/sqlparser/ast.go:2767.2,2767.37 1 1
github.com/phnallamothu/sqlparser/ast.go:2767.37,2768.42 1 1
github.com/phnallamothu/sqlparser/ast.go:2768.42,2770.4 1 1
github.com/phnallamothu/sqlparser/ast.go:2772.2,2772.14 1 0
github.com/phnallamothu/sqlparser/ast.go:2781.56,2783.2 1 1
github.com/phnallamothu/sqlparser/ast.go:2785.60,2786.17 1 1
github.com/phnallamothu/sqlparser/ast.go:2786.17,2788.3 1 0
github.com/phnallamothu/sqlparser/ast.go:2789.2,2792.3 1 1
github.com/phnallamothu/sqlparser/ast.go:2795.57,2797.2 1 0
github.com/phnallamothu/sqlparser/ast.go:2808.52,2810.20 1 1
github.com/phnallamothu/sqlparser/ast.go:2810.20,2812.3 1 1
github.com/phnallamothu/sqlparser/ast.go:2812.8,2814.3 1 1
github.com/phnallamothu/sqlparser/ast.go:2817.53,2819.2 1 1
github.com/phnallamothu/sqlparser/ast.go:2821.56,2822.17 1 1
github.com/phnallamothu/sqlparser/ast.go:2822.17,2824.3 1 0
github.com/phnallamothu/sqlparser/ast.go:2825.2,2830.3 1 1
github.com/phnallamothu/sqlparser/ast.go:2841.53,2843.2 1 1
github.com/phnallamothu/sqlparser/ast.go:2845.57,2846.17 1 1
github.com/phnallamothu/sqlparser/ast.go:2846.17,2848.3 1 0
github.com/phnallamothu/sqlparser/ast.go:2849.2,2853.3 1 1
github.com/phnallamothu/sqlparser/ast.go:2856.54,2858.2 1 1
github.com/phnallamothu/sqlparser/ast.go:2867.58,2869.2 1 1
github.com/phnallamothu/sqlparser/ast.go:2871.62,2872.17 1 1
github.com/phnallamothu/sqlparser/ast.go:2872.17,2874.3 1 0
github.com/phnallamothu/sqlparser/ast.go:2875.2,2878.3 1 1
github.com/phnallamothu/sqlparser/ast.go:2881.59,2883.2 1 1
github.com/phnallamothu/sqlparser/ast.go:2900.53,2902.24 2 1
github.com/phnallamothu/sqlparser/ast.go:2902.24,2904.24 2 1
github.com/phnallamothu/sqlparser/ast.go:2904.24,2906.4 1 1
github.com/phnallamothu/sqlparser/ast.go:2907.3,2907.20 1 1
github.com/phnallamothu/sqlparser/ast.go:2909.2,2909.24 1 1
github.com/phnallamothu/sqlparser/ast.go:2909.24,2911.3 1 1
github.com/phnallamothu/sqlparser/ast.go:2914.57,2916.2 1 1
github.com/phnallamothu/sqlparser/ast.go:2934.51,2936.2 1 1
github.com/phnallamothu/sqlparser/ast.go:2938.55,2939.17 1 1
github.com/phnallamothu/sqlparser/ast.go:2939.17,2941.3 1 0
github.com/phnallamothu/sqlparser/ast.go:2942.2,2946.3 1 1
github.com/phnallamothu/sqlparser/ast.go:2949.52,2950.35 1 1
github.com/phnallamothu/sqlparser/ast.go:2950.35,2952.10 2 1
github.com/phnallamothu/sqlparser/ast.go:2952.10,2953.12 1 0
github.com/phnallamothu/sqlparser/ast.go:2955.3,2955.44 1 1
github.com/phnallamothu/sqlparser/ast.go:2955.44,2957.4 1 1
github.com/phnallamothu/sqlparser/ast.go:2959.2,2959.43 1 1
github.com/phnallamothu/sqlparser/ast.go:2970.50,2972.22 2 1
github.com/phnallamothu/sqlparser/ast.go:2972.22,2974.3 1 1
github.com/phnallamothu/sqlparser/ast.go:2975.2,2975.34 1 1
github.com/phnallamothu/sqlparser/ast.go:2975.34,2977.3 1 1
github.com/phnallamothu/sqlparser/ast.go:2978.2,2978.22 1 1
github.com/phnallamothu/sqlparser/ast.go:2978.22,2980.3 1 1
github.com/phnallamothu/sqlparser/ast.go:2981.2,2981.21 1 1
github.com/phnallamothu/sqlparser/ast.go:2984.54,2985.17 1 1
github.com/phnallamothu/sqlparser/ast.go:2985.17,2987.3 1 0
github.com/phnallamothu/sqlparser/ast.go:2988.2,2988.47 1 1
github.com/phnallamothu/sqlparser/ast.go:2988.47,2990.3 1 0
github.com/phnallamothu/sqlparser/ast.go:2991.2,2991.31 1 1
github.com/phnallamothu/sqlparser/ast.go:2991.31,2992.40 1 1
github.com/phnallamothu/sqlparser/ast.go:2992.40,2994.4 1 0
github.com/phnallamothu/sqlparser/ast.go:2996.2,2996.31 1 1
github.com/phnallamothu/sqlparser/ast.go:2999.51,3000.34 1 1
github.com/phnallamothu/sqlparser/ast.go:3000.34,3001.52 1 1
github.com/phnallamothu/sqlparser/ast.go:3001.52,3003.4 1 1
github.com/phnallamothu/sqlparser/ast.go:3005.2,3005.55 1 1
github.com/phnallamothu/sqlparser/ast.go:3014.49,3016.24 2 1
github.com/phnallamothu/sqlparser/ast.go:3016.24,3018.3 1 1
github.com/phnallamothu/sqlparser/ast.go:3021.53,3023.2 1 1
github.com/phnallamothu/sqlparser/ast.go:3025.50,3027.2 1 0
github.com/phnallamothu/sqlparser/ast.go:3036.46,3038.2 1 1
github.com/phnallamothu/sqlparser/ast.go:3040.50,3041.17 1 1
github.com/phnallamothu/sqlparser/ast.go:3041.17,3043.3 1 0
github.com/phnallamothu/sqlparser/ast.go:3044.2,3048.3 1 1
github.com/phnallamothu/sqlparser/ast.go:3055.48,3057.25 2 1
github.com/phnallamothu/sqlparser/ast.go:3057.25,3060.3 2 1
github.com/phnallamothu/sqlparser/ast.go:3063.52,3064.25 1 1
github.com/phnallamothu/sqlparser/ast.go:3064.25,3065.40 1 1
github.com/phnallamothu/sqlparser/ast.go:3065.40,3067.4 1 0
github.com/phnallamothu/sqlparser/ast.go:3069.2,3069.12 1 1
github.com/phnallamothu/sqlparser/ast.go:3076.48,3078.25 2 1
github.com/phnallamothu/sqlparser/ast.go:3078.25,3081.3 2 1
github.com/phnallamothu/sqlparser/ast.go:3084.52,3085.25 1 1
github.com/phnallamothu/sqlparser/ast.go:3085.25,3086.40 1 1
github.com/phnallamothu/sqlparser/ast.go:3086.40,3088.4 1 0
github.com/phnallamothu/sqlparser/ast.go:3090.2,3090.12 1 1
github.com/phnallamothu/sqlparser/ast.go:3106.47,3107.42 1 1
github.com/phnallamothu/sqlparser/ast.go:3107.42,3110.3 2 1
github.com/phnallamothu/sqlparser/ast.go:3111.2,3111.43 1 1
github.com/phnallamothu/sqlparser/ast.go:3111.43,3112.36 1 0
github.com/phnallamothu/sqlparser/ast.go:3112.36,3115.4 2 0
github.com/phnallamothu/sqlparser/ast.go:3118.2,3118.50 1 1
github.com/phnallamothu/sqlparser/ast.go:3121.51,3122.17 1 1
github.com/phnallamothu/sqlparser/ast.go:3122.17,3124.3 1 0
github.com/phnallamothu/sqlparser/ast.go:3125.2,3128.3 1 1
github.com/phnallamothu/sqlparser/ast.go:3137.47,3138.17 1 1
github.com/phnallamothu/sqlparser/ast.go:3138.17,3140.3 1 1
github.com/phnallamothu/sqlparser/ast.go:3141.2,3142.24 2 1
github.com/phnallamothu/sqlparser/ast.go:3142.24,3144.3 1 1
github.com/phnallamothu/sqlparser/ast.go:3145.2,3145.35 1 1
github.com/phnallamothu/sqlparser/ast.go:3148.51,3149.17 1 1
github.com/phnallamothu/sqlparser/ast.go:3149.17,3151.3 1 1
github.com/phnallamothu/sqlparser/ast.go:3152.2,3156.3 1 1
github.com/phnallamothu/sqlparser/ast.go:3163.47,3165.25 2 1
github.com/phnallamothu/sqlparser/ast.go:3165.25,3168.3 2 1
github.com/phnallamothu/sqlparser/ast.go:3171.51,3172.25 1 1
github.com/phnallamothu/sqlparser/ast.go:3172.25,3173.40 1 1
github.com/phnallamothu/sqlparser/ast.go:3173.40,3175.4 1 0
github.com/phnallamothu/sqlparser/ast.go:3177.2,3177.12 1 1
github.com/phnallamothu/sqlparser/ast.go:3184.52,3186.25 2 1
github.com/phnallamothu/sqlparser/ast.go:3186.25,3189.3 2 1
github.com/phnallamothu/sqlparser/ast.go:3192.56,3193.25 1 1
github.com/phnallamothu/sqlparser/ast.go:3193.25,3194.40 1 1
github.com/phnallamothu/sqlparser/ast.go:3194.40,3196.4 1 0
github.com/phnallamothu/sqlparser/ast.go:3198.2,3198.12 1 1
github.com/phnallamothu/sqlparser/ast.go:3208.52,3210.2 1 1
github.com/phnallamothu/sqlparser/ast.go:3212.56,3213.17 1 1
github.com/phnallamothu/sqlparser/ast.go:3213.17,3215.3 1 0
github.com/phnallamothu/sqlparser/ast.go:3216.2,3220.3 1 1
github.com/phnallamothu/sqlparser/ast.go:3227.49,3229.25 2 1
github.com/phnallamothu/sqlparser/ast.go:3229.25,3232.3 2 1
github.com/phnallamothu/sqlparser/ast.go:3235.53,3236.25 1 1
github.com/phnallamothu/sqlparser/ast.go:3236.25,3237.40 1 1
github.com/phnallamothu/sqlparser/ast.go:3237.40,3239.4 1 0
github.com/phnallamothu/sqlparser/ast.go:3241.2,3241.12 1 1
github.com/phnallamothu/sqlparser/ast.go:3251.49,3253.72 1 1
github.com/phnallamothu/sqlparser/ast.go:3253.72,3255.3 1 1
github.com/phnallamothu/sqlparser/ast.go:3255.8,3257.3 1 1
github.com/phnallamothu/sqlparser/ast.go:3260.53,3261.17 1 1
github.com/phnallamothu/sqlparser/ast.go:3261.17,3263.3 1 0
github.com/phnallamothu/sqlparser/ast.go:3264.2,3268.3 1 1
github.com/phnallamothu/sqlparser/ast.go:3275.46,3276.17 1 1
github.com/phnallamothu/sqlparser/ast.go:3276.17,3278.3 1 1
github.com/phnallamothu/sqlparser/ast.go:3279.2,3279.64 1 1
github.com/phnallamothu/sqlparser/ast.go:3282.50,3284.2 1 1
github.com/phnallamothu/sqlparser/ast.go:3297.39,3301.2 1 1
github.com/phnallamothu/sqlparser/ast.go:3304.49,3306.2 1 1
github.com/phnallamothu/sqlparser/ast.go:3308.53,3310.2 1 1
github.com/phnallamothu/sqlparser/ast.go:3313.37,3315.2 1 1
github.com/phnallamothu/sqlparser/ast.go:3321.38,3323.2 1 1
github.com/phnallamothu/sqlparser/ast.go:3327.45,3329.2 1 1
github.com/phnallamothu/sqlparser/ast.go:3334.39,3335.20 1 1
github.com/phnallamothu/sqlparser/ast.go:3335.20,3337.3 1 1
github.com/phnallamothu/sqlparser/ast.go:3338.2,3338.24 1 1
github.com/phnallamothu/sqlparser/ast.go:3338.24,3340.3 1 1
github.com/phnallamothu/sqlparser/ast.go:3341.2,3341.21 1 1
github.com/phnallamothu/sqlparser/ast.go:3345.46,3347.2 1 1
github.com/phnallamothu/sqlparser/ast.go:3350.51,3352.2 1 1
github.com/phnallamothu/sqlparser/ast.go:3355.52,3357.2 1 1
github.com/phnallamothu/sqlparser/ast.go:3360.53,3363.16 3 1
github.com/phnallamothu/sqlparser/ast.go:3363.16,3365.3 1 0
github.com/phnallamothu/sqlparser/ast.go:3366.2,3367.12 2 1
github.com/phnallamothu/sqlparser/ast.go:3377.43,3379.2 1 1
github.com/phnallamothu/sqlparser/ast.go:3382.51,3384.2 1 1
github.com/phnallamothu/sqlparser/ast.go:3386.55,3388.2 1 1
github.com/phnallamothu/sqlparser/ast.go:3391.39,3393.2 1 1
github.com/phnallamothu/sqlparser/ast.go:3399.40,3401.2 1 1
github.com/phnallamothu/sqlparser/ast.go:3405.47,3407.2 1 1
github.com/phnallamothu/sqlparser/ast.go:3410.54,3412.2 1 1
github.com/phnallamothu/sqlparser/ast.go:3415.55,3418.16 3 1
github.com/phnallamothu/sqlparser/ast.go:3418.16,3420.3 1 0
github.com/phnallamothu/sqlparser/ast.go:3421.2,3422.12 2 1
github.com/phnallamothu/sqlparser/ast.go:3426.33,3429.23 3 0
github.com/phnallamothu/sqlparser/ast.go:3429.23,3431.15 2 0
github.com/phnallamothu/sqlparser/ast.go:3431.15,3433.4 1 0
github.com/phnallamothu/sqlparser/ast.go:3435.2,3436.21 2 0
github.com/phnallamothu/sqlparser/ast.go:3439.61,3441.34 2 1
github.com/phnallamothu/sqlparser/ast.go:3441.34,3443.3 1 1
github.com/phnallamothu/sqlparser/ast.go:3443.8,3445.3 1 1
github.com/phnallamothu/sqlparser/ast.go:3446.2,3447.47 2 1
github.com/phnallamothu/sqlparser/ast.go:3447.47,3449.3 1 1
github.com/phnallamothu/sqlparser/ast.go:3451.2,3451.29 1 1
github.com/phnallamothu/sqlparser/ast.go:3451.29,3452.75 1 1
github.com/phnallamothu/sqlparser/ast.go:3452.75,3453.37 1 1
github.com/phnallamothu/sqlparser/ast.go:3453.37,3454.20 1 1
github.com/phnallamothu/sqlparser/ast.go:3458.2,3458.36 1 1
github.com/phnallamothu/sqlparser/ast.go:3458.36,3459.18 1 1
github.com/phnallamothu/sqlparser/ast.go:3461.2,3464.1 3 1
github.com/phnallamothu/sqlparser/ast.go:3465.2,3466.29 2 1
github.com/phnallamothu/sqlparser/ast.go:3466.29,3468.21 2 1
github.com/phnallamothu/sqlparser/ast.go:3468.21,3470.4 1 1
github.com/phnallamothu/sqlparser/ast.go:3472.2,3472.33 1 1
github.com/phnallamothu/sqlparser/ast.go:3475.38,3477.23 2 1
github.com/phnallamothu/sqlparser/ast.go:3477.23,3478.27 1 1
github.com/phnallamothu/sqlparser/ast.go:3478.27,3479.37 1 1
github.com/phnallamothu/sqlparser/ast.go:3479.37,3481.13 2 1
github.com/phnallamothu/sqlparser/ast.go:3484.3,3484.19 1 1
github.com/phnallamothu/sqlparser/ast.go:3486.2,3486.21 1 1
github.com/phnallamothu/sqlparser/comments.go:35.30,37.2 1 1
github.com/phnallamothu/sqlparser/comments.go:41.47,44.22 3 1
github.com/phnallamothu/sqlparser/comments.go:44.22,48.28 2 1
github.com/phnallamothu/sqlparser/comments.go:48.28,49.9 1 0
github.com/phnallamothu/sqlparser/comments.go:51.3,56.58 3 1
github.com/phnallamothu/sqlparser/comments.go:56.58,57.9 1 1
github.com/phnallamothu/sqlparser/comments.go:59.3,60.24 2 1
github.com/phnallamothu/sqlparser/comments.go:60.24,62.9 1 1
github.com/phnallamothu/sqlparser/comments.go:65.3,66.23 2 1
github.com/phnallamothu/sqlparser/comments.go:69.2,69.16 1 1
github.com/phnallamothu/sqlparser/comments.go:69.16,71.3 1 1
github.com/phnallamothu/sqlparser/comments.go:72.2,72.10 1 1
github.com/phnallamothu/sqlparser/comments.go:77.52,80.21 3 1
github.com/phnallamothu/sqlparser/comments.go:80.21,84.26 2 1
github.com/phnallamothu/sqlparser/comments.go:84.26,85.9 1 0
github.com/phnallamothu/sqlparser/comments.go:87.3,88.62 2 1
github.com/phnallamothu/sqlparser/comments.go:88.62,89.9 1 1
github.com/phnallamothu/sqlparser/comments.go:93.3,94.26 2 1
github.com/phnallamothu/sqlparser/comments.go:94.26,96.9 1 1
github.com/phnallamothu/sqlparser/comments.go:99.3,100.31 2 1
github.com/phnallamothu/sqlparser/comments.go:103.2,103.16 1 1
github.com/phnallamothu/sqlparser/comments.go:103.16,105.3 1 1
github.com/phnallamothu/sqlparser/comments.go:106.2,106.18 1 1
github.com/phnallamothu/sqlparser/comments.go:117.78,125.2 4 1
github.com/phnallamothu/sqlparser/comments.go:128.46,131.28 2 1
github.com/phnallamothu/sqlparser/comments.go:131.28,132.17 1 1
github.com/phnallamothu/sqlparser/comments.go:133.12,136.18 2 1
github.com/phnallamothu/sqlparser/comments.go:136.18,138.5 1 1
github.com/phnallamothu/sqlparser/comments.go:140.4,140.37 1 1
github.com/phnallamothu/sqlparser/comments.go:140.37,142.5 1 1
github.com/phnallamothu/sqlparser/comments.go:143.4,143.23 1 1
github.com/phnallamothu/sqlparser/comments.go:144.12,147.19 2 1
github.com/phnallamothu/sqlparser/comments.go:147.19,149.5 1 1
github.com/phnallamothu/sqlparser/comments.go:150.4,150.23 1 1
github.com/phnallamothu/sqlparser/comments.go:153.3,153.47 1 1
github.com/phnallamothu/sqlparser/comments.go:156.2,156.12 1 1
github.com/phnallamothu/sqlparser/comments.go:159.40,161.2 1 1
github.com/phnallamothu/sqlparser/comments.go:165.72,169.64 3 1
github.com/phnallamothu/sqlparser/comments.go:169.64,172.3 2 1
github.com/phnallamothu/sqlparser/comments.go:173.2,176.26 3 1
github.com/phnallamothu/sqlparser/comments.go:191.68,192.21 1 1
github.com/phnallamothu/sqlparser/comments.go:192.21,194.3 1 1
github.com/phnallamothu/sqlparser/comments.go:196.2,198.35 2 1
github.com/phnallamothu/sqlparser/comments.go:198.35,200.50 2 1
github.com/phnallamothu/sqlparser/comments.go:200.50,201.12 1 1
github.com/phnallamothu/sqlparser/comments.go:204.3,204.18 1 1
github.com/phnallamothu/sqlparser/comments.go:204.18,206.4 1 1
github.com/phnallamothu/sqlparser/comments.go:210.3,211.42 2 1
github.com/phnallamothu/sqlparser/comments.go:211.42,216.17 3 1
github.com/phnallamothu/sqlparser/comments.go:216.17,218.13 2 1
github.com/phnallamothu/sqlparser/comments.go:221.4,225.18 4 1
github.com/phnallamothu/sqlparser/comments.go:225.18,227.13 2 1
github.com/phnallamothu/sqlparser/comments.go:230.4,231.18 2 1
github.com/phnallamothu/sqlparser/comments.go:231.18,233.13 2 1
github.com/phnallamothu/sqlparser/comments.go:236.4,236.28 1 1
github.com/phnallamothu/sqlparser/comments.go:239.2,239.13 1 1
github.com/phnallamothu/sqlparser/comments.go:244.51,245.14 1 1
github.com/phnallamothu/sqlparser/comments.go:245.14,247.3 1 1
github.com/phnallamothu/sqlparser/comments.go:249.2,250.9 2 1
github.com/phnallamothu/sqlparser/comments.go:250.9,252.3 1 0
github.com/phnallamothu/sqlparser/comments.go:254.2,255.8 2 1
github.com/phnallamothu/sqlparser/comments.go:255.8,257.3 1 1
github.com/phnallamothu/sqlparser/comments.go:259.2,260.8 2 1
github.com/phnallamothu/sqlparser/comments.go:260.8,262.3 1 1
github.com/phnallamothu/sqlparser/comments.go:263.2,263.14 1 1
github.com/phnallamothu/sqlparser/comments.go:267.55,268.29 1 1
github.com/phnallamothu/sqlparser/comments.go:269.15,271.52 2 1
github.com/phnallamothu/sqlparser/comments.go:271.52,273.4 1 1
github.com/phnallamothu/sqlparser/comments.go:274.15,276.52 2 1
github.com/phnallamothu/sqlparser/comments.go:276.52,278.4 1 1
github.com/phnallamothu/sqlparser/comments.go:279.15,281.52 2 1
github.com/phnallamothu/sqlparser/comments.go:281.52,283.4 1 1
github.com/phnallamothu/sqlparser/comments.go:284.15,286.52 2 1
github.com/phnallamothu/sqlparser/comments.go:286.52,288.4 1 1
github.com/phnallamothu/sqlparser/comments.go:289.10,290.15 1 0
github.com/phnallamothu/sqlparser/comments.go:292.2,292.14 1 1
github.com/phnallamothu/sqlparser/encodable.go:38.53,39.26 1 1
github.com/phnallamothu/sqlparser/encodable.go:39.26,40.13 1 1
github.com/phnallamothu/sqlparser/encodable.go:40.13,42.4 1 1
github.com/phnallamothu/sqlparser/encodable.go:43.3,44.27 2 1
github.com/phnallamothu/sqlparser/encodable.go:44.27,45.14 1 1
github.com/phnallamothu/sqlparser/encodable.go:45.14,47.5 1 1
github.com/phnallamothu/sqlparser/encodable.go:48.4,48.21 1 1
github.com/phnallamothu/sqlparser/encodable.go:50.3,50.21 1 1
github.com/phnallamothu/sqlparser/encodable.go:63.60,64.27 1 1
github.com/phnallamothu/sqlparser/encodable.go:64.27,67.3 2 1
github.com/phnallamothu/sqlparser/encodable.go:68.2,68.27 1 1
github.com/phnallamothu/sqlparser/encodable.go:71.61,74.29 3 1
github.com/phnallamothu/sqlparser/encodable.go:74.29,75.13 1 1
github.com/phnallamothu/sqlparser/encodable.go:75.13,77.4 1 1
github.com/phnallamothu/sqlparser/encodable.go:78.3,78.22 1 1
github.com/phnallamothu/sqlparser/encodable.go:80.2,80.20 1 1
github.com/phnallamothu/sqlparser/encodable.go:83.67,84.29 1 1
github.com/phnallamothu/sqlparser/encodable.go:84.29,85.13 1 1
github.com/phnallamothu/sqlparser/encodable.go:85.13,87.4 1 1
github.com/phnallamothu/sqlparser/encodable.go:88.3,89.33 2 1
github.com/phnallamothu/sqlparser/encodable.go:89.33,90.14 1 1
github.com/phnallamothu/sqlparser/encodable.go:90.14,92.5 1 1
github.com/phnallamothu/sqlparser/encodable.go:93.4,95.23 3 1
github.com/phnallamothu/sqlparser/encodable.go:97.3,97.21 1 1
github.com/phnallamothu/sqlparser/impossible_query.go:27.62,28.29 1 0
github.com/phnallamothu/sqlparser/impossible_query.go:29.15,31.26 2 0
github.com/phnallamothu/sqlparser/impossible_query.go:31.26,33.4 1 0
github.com/phnallamothu/sqlparser/impossible_query.go:34.14,35.61 1 0
github.com/phnallamothu/sqlparser/impossible_query.go:36.10,37.19 1 0
github.com/phnallamothu/sqlparser/normalizer.go:34.90,37.2 2 1
github.com/phnallamothu/sqlparser/normalizer.go:48.106,57.2 1 1
github.com/phnallamothu/sqlparser/normalizer.go:62.65,63.29 1 1
github.com/phnallamothu/sqlparser/normalizer.go:64.15,67.20 2 1
github.com/phnallamothu/sqlparser/normalizer.go:68.15,69.25 1 1
github.com/phnallamothu/sqlparser/normalizer.go:70.23,71.29 1 1
github.com/phnallamothu/sqlparser/normalizer.go:73.2,73.18 1 1
github.com/phnallamothu/sqlparser/normalizer.go:77.62,78.29 1 1
github.com/phnallamothu/sqlparser/normalizer.go:79.15,80.30 1 1
github.com/phnallamothu/sqlparser/normalizer.go:81.23,82.29 1 1
github.com/phnallamothu/sqlparser/normalizer.go:84.2,84.18 1 1
github.com/phnallamothu/sqlparser/normalizer.go:87.56,92.25 1 1
github.com/phnallamothu/sqlparser/normalizer.go:92.25,95.3 2 1
github.com/phnallamothu/sqlparser/normalizer.go:98.2,99.17 2 1
github.com/phnallamothu/sqlparser/normalizer.go:99.17,101.3 1 1
github.com/phnallamothu/sqlparser/normalizer.go:104.2,105.37 2 1
github.com/phnallamothu/sqlparser/normalizer.go:105.37,110.3 1 1
github.com/phnallamothu/sqlparser/normalizer.go:110.8,112.3 1 1
github.com/phnallamothu/sqlparser/normalizer.go:113.2,114.9 2 1
github.com/phnallamothu/sqlparser/normalizer.go:114.9,119.3 3 1
github.com/phnallamothu/sqlparser/normalizer.go:122.2,123.43 2 1
github.com/phnallamothu/sqlparser/normalizer.go:127.51,129.17 2 1
github.com/phnallamothu/sqlparser/normalizer.go:129.17,131.3 1 1
github.com/phnallamothu/sqlparser/normalizer.go:133.2,137.43 4 1
github.com/phnallamothu/sqlparser/normalizer.go:145.63,146.57 1 1
github.com/phnallamothu/sqlparser/normalizer.go:146.57,148.3 1 1
github.com/phnallamothu/sqlparser/normalizer.go:149.2,150.9 2 1
github.com/phnallamothu/sqlparser/normalizer.go:150.9,152.3 1 1
github.com/phnallamothu/sqlparser/normalizer.go:155.2,158.32 2 1
github.com/phnallamothu/sqlparser/normalizer.go:158.32,160.18 2 1
github.com/phnallamothu/sqlparser/normalizer.go:160.18,162.4 1 1
github.com/phnallamothu/sqlparser/normalizer.go:163.3,166.5 1 1
github.com/phnallamothu/sqlparser/normalizer.go:168.2,171.55 3 1
github.com/phnallamothu/sqlparser/normalizer.go:174.72,175.36 1 1
github.com/phnallamothu/sqlparser/normalizer.go:175.36,178.20 3 1
github.com/phnallamothu/sqlparser/normalizer.go:179.15,180.60 1 1
github.com/phnallamothu/sqlparser/normalizer.go:181.15,182.56 1 1
github.com/phnallamothu/sqlparser/normalizer.go:183.17,184.58 1 1
github.com/phnallamothu/sqlparser/normalizer.go:185.11,186.14 1 1
github.com/phnallamothu/sqlparser/normalizer.go:188.3,188.17 1 1
github.com/phnallamothu/sqlparser/normalizer.go:188.17,190.4 1 1
github.com/phnallamothu/sqlparser/normalizer.go:191.3,191.39 1 1
github.com/phnallamothu/sqlparser/normalizer.go:193.2,193.12 1 1
github.com/phnallamothu/sqlparser/normalizer.go:196.40,197.6 1 1
github.com/phnallamothu/sqlparser/normalizer.go:197.6,199.41 2 1
github.com/phnallamothu/sqlparser/normalizer.go:199.41,202.4 2 1
github.com/phnallamothu/sqlparser/normalizer.go:203.3,203.15 1 1
github.com/phnallamothu/sqlparser/normalizer.go:210.54,212.57 2 1
github.com/phnallamothu/sqlparser/normalizer.go:212.57,213.30 1 1
github.com/phnallamothu/sqlparser/normalizer.go:214.16,215.27 1 1
github.com/phnallamothu/sqlparser/normalizer.go:215.27,217.5 1 1
github.com/phnallamothu/sqlparser/normalizer.go:218.16,219.43 1 1
github.com/phnallamothu/sqlparser/normalizer.go:221.3,221.19 1 1
github.com/phnallamothu/sqlparser/normalizer.go:223.2,223.17 1 1
github.com/phnallamothu/sqlparser/parsed_query.go:39.48,43.2 3 1
github.com/phnallamothu/sqlparser/parsed_query.go:48.131,49.32 1 1
github.com/phnallamothu/sqlparser/parsed_query.go:49.32,51.3 1 1
github.com/phnallamothu/sqlparser/parsed_query.go:52.2,54.39 3 1
github.com/phnallamothu/sqlparser/parsed_query.go:54.39,57.44 3 1
github.com/phnallamothu/sqlparser/parsed_query.go:57.44,59.4 1 1
github.com/phnallamothu/sqlparser/parsed_query.go:59.9,61.18 2 1
github.com/phnallamothu/sqlparser/parsed_query.go:61.18,63.5 1 1
github.com/phnallamothu/sqlparser/parsed_query.go:64.4,64.30 1 1
github.com/phnallamothu/sqlparser/parsed_query.go:66.3,66.36 1 1
github.com/phnallamothu/sqlparser/parsed_query.go:68.2,69.25 2 1
github.com/phnallamothu/sqlparser/parsed_query.go:73.66,74.38 1 1
github.com/phnallamothu/sqlparser/parsed_query.go:74.38,79.3 3 1
github.com/phnallamothu/sqlparser/parsed_query.go:82.2,83.34 2 1
github.com/phnallamothu/sqlparser/parsed_query.go:83.34,84.13 1 1
github.com/phnallamothu/sqlparser/parsed_query.go:84.13,86.4 1 1
github.com/phnallamothu/sqlparser/parsed_query.go:87.3,87.43 1 1
github.com/phnallamothu/sqlparser/parsed_query.go:89.2,89.20 1 1
github.com/phnallamothu/sqlparser/parsed_query.go:93.132,95.20 2 1
github.com/phnallamothu/sqlparser/parsed_query.go:95.20,98.3 2 1
github.com/phnallamothu/sqlparser/parsed_query.go:99.2,100.9 2 1
github.com/phnallamothu/sqlparser/parsed_query.go:100.9,102.3 1 1
github.com/phnallamothu/sqlparser/parsed_query.go:104.2,104.12 1 1
github.com/phnallamothu/sqlparser/parsed_query.go:104.12,105.42 1 1
github.com/phnallamothu/sqlparser/parsed_query.go:105.42,107.4 1 1
github.com/phnallamothu/sqlparser/parsed_query.go:108.3,108.32 1 1
github.com/phnallamothu/sqlparser/parsed_query.go:108.32,110.4 1 1
github.com/phnallamothu/sqlparser/parsed_query.go:111.3,111.29 1 1
github.com/phnallamothu/sqlparser/parsed_query.go:114.2,114.41 1 1
github.com/phnallamothu/sqlparser/parsed_query.go:114.41,116.3 1 1
github.com/phnallamothu/sqlparser/parsed_query.go:118.2,118.29 1 1
github.com/phnallamothu/sqlparser/redact_query.go:6.49,11.16 4 1
github.com/phnallamothu/sqlparser/redact_query.go:11.16,13.3 1 0
github.com/phnallamothu/sqlparser/redact_query.go:15.2,18.65 3 1
github.com/phnallamothu/sqlparser/sql.y:19.0,21.0 1 1
github.com/phnallamothu/sqlparser/sql.y:23.0,25.0 1 1
github.com/phnallamothu/sqlparser/sql.y:27.0,29.0 1 1
github.com/phnallamothu/sqlparser/sql.y:31.0,33.0 2 1
github.com/phnallamothu/sqlparser/sql.y:33.0,35.0 1 1
github.com/phnallamothu/sqlparser/sql.y:36.0,36.0 1 1
github.com/phnallamothu/sqlparser/sql.y:39.0,41.0 1 1
github.com/phnallamothu/sqlparser/sql.y:46.0,48.0 1 1
github.com/phnallamothu/sqlparser/token.go:59.61,66.2 2 1
github.com/phnallamothu/sqlparser/token.go:70.43,75.2 1 1
github.com/phnallamothu/sqlparser/token.go:402.13,403.32 1 1
github.com/phnallamothu/sqlparser/token.go:403.32,404.19 1 1
github.com/phnallamothu/sqlparser/token.go:404.19,405.12 1 1
github.com/phnallamothu/sqlparser/token.go:407.3,407.27 1 1
github.com/phnallamothu/sqlparser/token.go:412.35,414.9 2 0
github.com/phnallamothu/sqlparser/token.go:414.9,416.3 1 0
github.com/phnallamothu/sqlparser/token.go:417.2,417.12 1 0
github.com/phnallamothu/sqlparser/token.go:422.48,424.21 2 1
github.com/phnallamothu/sqlparser/token.go:424.21,425.24 1 1
github.com/phnallamothu/sqlparser/token.go:425.24,426.9 1 1
github.com/phnallamothu/sqlparser/token.go:428.3,428.24 1 1
github.com/phnallamothu/sqlparser/token.go:430.2,432.12 3 1
github.com/phnallamothu/sqlparser/token.go:436.41,438.26 2 1
github.com/phnallamothu/sqlparser/token.go:438.26,440.3 1 1
github.com/phnallamothu/sqlparser/token.go:440.8,442.3 1 1
github.com/phnallamothu/sqlparser/token.go:443.2,446.25 2 1
github.com/phnallamothu/sqlparser/token.go:446.25,448.3 1 1
github.com/phnallamothu/sqlparser/token.go:453.44,454.31 1 1
github.com/phnallamothu/sqlparser/token.go:454.31,459.15 3 1
github.com/phnallamothu/sqlparser/token.go:459.15,462.4 1 1
github.com/phnallamothu/sqlparser/token.go:464.3,464.27 1 1
github.com/phnallamothu/sqlparser/token.go:466.2,466.23 1 1
github.com/phnallamothu/sqlparser/token.go:466.23,468.3 1 1
github.com/phnallamothu/sqlparser/token.go:470.2,470.18 1 1
github.com/phnallamothu/sqlparser/token.go:470.18,473.3 2 1
github.com/phnallamothu/sqlparser/token.go:475.2,476.29 2 1
github.com/phnallamothu/sqlparser/token.go:477.20,479.29 2 1
github.com/phnallamothu/sqlparser/token.go:479.29,480.28 1 1
github.com/phnallamothu/sqlparser/token.go:480.28,483.5 2 1
github.com/phnallamothu/sqlparser/token.go:485.3,485.29 1 1
github.com/phnallamothu/sqlparser/token.go:485.29,486.28 1 1
github.com/phnallamothu/sqlparser/token.go:486.28,489.5 2 1
github.com/phnallamothu/sqlparser/token.go:491.3,492.39 2 1
github.com/phnallamothu/sqlparser/token.go:492.39,494.4 1 1
github.com/phnallamothu/sqlparser/token.go:495.3,495.58 1 1
github.com/phnallamothu/sqlparser/token.go:496.19,497.31 1 1
github.com/phnallamothu/sqlparser/token.go:498.17,499.27 1 1
github.com/phnallamothu/sqlparser/token.go:500.30,501.16 1 1
github.com/phnallamothu/sqlparser/token.go:502.10,504.13 2 1
github.com/phnallamothu/sqlparser/token.go:505.16,506.17 1 1
github.com/phnallamothu/sqlparser/token.go:507.57,508.23 1 1
github.com/phnallamothu/sqlparser/token.go:509.12,510.27 1 1
github.com/phnallamothu/sqlparser/token.go:510.27,513.5 2 1
github.com/phnallamothu/sqlparser/token.go:514.4,514.23 1 1
github.com/phnallamothu/sqlparser/token.go:515.12,516.27 1 1
github.com/phnallamothu/sqlparser/token.go:516.27,519.5 2 1
github.com/phnallamothu/sqlparser/token.go:520.4,520.23 1 1
github.com/phnallamothu/sqlparser/token.go:521.12,525.33 4 1
github.com/phnallamothu/sqlparser/token.go:526.12,527.29 1 1
github.com/phnallamothu/sqlparser/token.go:527.29,529.5 1 1
github.com/phnallamothu/sqlparser/token.go:530.4,530.23 1 1
github.com/phnallamothu/sqlparser/token.go:531.12,532.24 1 1
github.com/phnallamothu/sqlparser/token.go:533.13,535.38 2 1
github.com/phnallamothu/sqlparser/token.go:536.13,538.25 2 1
github.com/phnallamothu/sqlparser/token.go:539.14,540.43 1 1
github.com/phnallamothu/sqlparser/token.go:541.13,542.35 1 1
github.com/phnallamothu/sqlparser/token.go:544.12,545.24 1 1
github.com/phnallamothu/sqlparser/token.go:547.12,548.36 1 1
github.com/phnallamothu/sqlparser/token.go:549.12,550.24 1 1
github.com/phnallamothu/sqlparser/token.go:551.13,553.38 2 1
github.com/phnallamothu/sqlparser/token.go:554.13,556.28 2 1
github.com/phnallamothu/sqlparser/token.go:556.28,559.6 2 1
github.com/phnallamothu/sqlparser/token.go:560.5,560.32 1 1
github.com/phnallamothu/sqlparser/token.go:562.4,562.23 1 1
github.com/phnallamothu/sqlparser/token.go:563.12,564.24 1 1
github.com/phnallamothu/sqlparser/token.go:565.13,567.19 2 1
github.com/phnallamothu/sqlparser/token.go:568.13,570.27 2 1
github.com/phnallamothu/sqlparser/token.go:571.13,573.25 2 1
github.com/phnallamothu/sqlparser/token.go:574.14,576.33 2 1
github.com/phnallamothu/sqlparser/token.go:577.13,578.20 1 1
github.com/phnallamothu/sqlparser/token.go:580.12,581.24 1 1
github.com/phnallamothu/sqlparser/token.go:583.12,584.24 1 1
github.com/phnallamothu/sqlparser/token.go:585.13,587.19 2 1
github.com/phnallamothu/sqlparser/token.go:588.13,590.28 2 1
github.com/phnallamothu/sqlparser/token.go:591.12,592.24 1 1
github.com/phnallamothu/sqlparser/token.go:594.12,595.27 1 1
github.com/phnallamothu/sqlparser/token.go:595.27,598.5 2 1
github.com/phnallamothu/sqlparser/token.go:599.4,599.23 1 1
github.com/phnallamothu/sqlparser/token.go:600.13,601.37 1 1
github.com/phnallamothu/sqlparser/token.go:602.12,603.40 1 1
github.com/phnallamothu/sqlparser/token.go:603.40,605.5 1 1
github.com/phnallamothu/sqlparser/token.go:606.4,606.37 1 1
github.com/phnallamothu/sqlparser/token.go:607.12,608.38 1 1
github.com/phnallamothu/sqlparser/token.go:609.11,610.38 1 1
github.com/phnallamothu/sqlparser/token.go:616.39,618.33 2 1
github.com/phnallamothu/sqlparser/token.go:618.33,621.3 2 1
github.com/phnallamothu/sqlparser/token.go:624.35,626.58 2 1
github.com/phnallamothu/sqlparser/token.go:626.58,629.3 2 1
github.com/phnallamothu/sqlparser/token.go:632.93,635.103 3 1
github.com/phnallamothu/sqlparser/token.go:635.103,638.3 2 1
github.com/phnallamothu/sqlparser/token.go:639.2,641.53 3 1
github.com/phnallamothu/sqlparser/token.go:641.53,643.3 1 1
github.com/phnallamothu/sqlparser/token.go:645.2,645.26 1 1
github.com/phnallamothu/sqlparser/token.go:645.26,647.3 1 1
github.com/phnallamothu/sqlparser/token.go:648.2,648.27 1 1
github.com/phnallamothu/sqlparser/token.go:651.47,654.26 3 1
github.com/phnallamothu/sqlparser/token.go:654.26,656.3 1 1
github.com/phnallamothu/sqlparser/token.go:657.2,658.25 2 1
github.com/phnallamothu/sqlparser/token.go:658.25,660.3 1 1
github.com/phnallamothu/sqlparser/token.go:661.2,661.28 1 1
github.com/phnallamothu/sqlparser/token.go:664.54,667.26 3 1
github.com/phnallamothu/sqlparser/token.go:667.26,669.3 1 0
github.com/phnallamothu/sqlparser/token.go:670.2,671.36 2 1
github.com/phnallamothu/sqlparser/token.go:674.61,678.6 4 1
github.com/phnallamothu/sqlparser/token.go:678.6,679.19 1 1
github.com/phnallamothu/sqlparser/token.go:679.19,680.27 1 1
github.com/phnallamothu/sqlparser/token.go:680.27,681.10 1 1
github.com/phnallamothu/sqlparser/token.go:683.4,686.12 4 1
github.com/phnallamothu/sqlparser/token.go:688.3,688.16 1 1
github.com/phnallamothu/sqlparser/token.go:688.16,689.27 1 1
github.com/phnallamothu/sqlparser/token.go:689.27,690.10 1 1
github.com/phnallamothu/sqlparser/token.go:692.4,695.12 4 0
github.com/phnallamothu/sqlparser/token.go:698.3,698.23 1 1
github.com/phnallamothu/sqlparser/token.go:699.12,700.23 1 1
github.com/phnallamothu/sqlparser/token.go:701.12,702.40 1 1
github.com/phnallamothu/sqlparser/token.go:702.40,704.5 1 1
github.com/phnallamothu/sqlparser/token.go:704.10,706.5 1 0
github.com/phnallamothu/sqlparser/token.go:707.16,709.36 1 1
github.com/phnallamothu/sqlparser/token.go:710.11,711.44 1 1
github.com/phnallamothu/sqlparser/token.go:713.3,713.13 1 1
github.com/phnallamothu/sqlparser/token.go:715.2,715.23 1 1
github.com/phnallamothu/sqlparser/token.go:715.23,717.3 1 1
github.com/phnallamothu/sqlparser/token.go:718.2,718.27 1 1
github.com/phnallamothu/sqlparser/token.go:721.51,726.25 5 1
github.com/phnallamothu/sqlparser/token.go:726.25,730.3 3 1
github.com/phnallamothu/sqlparser/token.go:731.2,731.29 1 1
github.com/phnallamothu/sqlparser/token.go:731.29,733.3 1 1
github.com/phnallamothu/sqlparser/token.go:734.2,734.77 1 1
github.com/phnallamothu/sqlparser/token.go:734.77,737.3 2 1
github.com/phnallamothu/sqlparser/token.go:738.2,738.30 1 1
github.com/phnallamothu/sqlparser/token.go:741.69,742.36 1 1
github.com/phnallamothu/sqlparser/token.go:742.36,744.3 1 1
github.com/phnallamothu/sqlparser/token.go:747.71,750.22 3 1
github.com/phnallamothu/sqlparser/token.go:750.22,754.16 4 1
github.com/phnallamothu/sqlparser/token.go:758.2,758.25 1 1
github.com/phnallamothu/sqlparser/token.go:758.25,760.49 2 1
github.com/phnallamothu/sqlparser/token.go:760.49,764.13 4 1
github.com/phnallamothu/sqlparser/token.go:768.2,770.25 2 1
github.com/phnallamothu/sqlparser/token.go:770.25,774.3 3 1
github.com/phnallamothu/sqlparser/token.go:777.2,777.48 1 1
github.com/phnallamothu/sqlparser/token.go:777.48,780.49 3 1
github.com/phnallamothu/sqlparser/token.go:780.49,782.4 1 1
github.com/phnallamothu/sqlparser/token.go:783.3,783.31 1 1
github.com/phnallamothu/sqlparser/token.go:788.2,788.28 1 1
github.com/phnallamothu/sqlparser/token.go:788.28,790.3 1 1
github.com/phnallamothu/sqlparser/token.go:792.2,792.30 1 1
github.com/phnallamothu/sqlparser/token.go:795.71,797.6 2 1
github.com/phnallamothu/sqlparser/token.go:797.6,799.20 2 1
[...]
github.com/phnallamothu/sqlparser/dependency/sqltypes/bind_variables.go:216.2,216.12 1 1
github.com/phnallamothu/sqlparser/dependency/sqltypes/bind_variables.go:221.59,222.15 1 1
github.com/phnallamothu/sqlparser/dependency/sqltypes/bind_variables.go:222.15,224.3 1 1
github.com/phnallamothu/sqlparser/dependency/sqltypes/bind_variables.go:226.2,226.35 1 1
github.com/phnallamothu/sqlparser/dependency/sqltypes/bind_variables.go:226.35,227.26 1 1
github.com/phnallamothu/sqlparser/dependency/sqltypes/bind_variables.go:227.26,229.4 1 1
github.com/phnallamothu/sqlparser/dependency/sqltypes/bind_variables.go:230.3,230.33 1 1
github.com/phnallamothu/sqlparser/dependency/sqltypes/bind_variables.go:230.33,231.38 1 1
github.com/phnallamothu/sqlparser/dependency/sqltypes/bind_variables.go:231.38,233.5 1 1
github.com/phnallamothu/sqlparser/dependency/sqltypes/bind_variables.go:234.4,234.104 1 1
github.com/phnallamothu/sqlparser/dependency/sqltypes/bind_variables.go:234.104,236.5 1 1
github.com/phnallamothu/sqlparser/dependency/sqltypes/bind_variables.go:238.3,238.13 1 1
github.com/phnallamothu/sqlparser/dependency/sqltypes/bind_variables.go:242.2,243.12 2 1
github.com/phnallamothu/sqlparser/dependency/sqltypes/bind_variables.go:247.67,248.35 1 1
github.com/phnallamothu/sqlparser/dependency/sqltypes/bind_variables.go:248.35,250.3 1 1
github.com/phnallamothu/sqlparser/dependency/sqltypes/bind_variables.go:251.2,251.44 1 1
github.com/phnallamothu/sqlparser/dependency/sqltypes/bind_variables.go:255.69,257.2 1 1
github.com/phnallamothu/sqlparser/dependency/sqltypes/bind_variables.go:260.105,262.40 2 0
github.com/phnallamothu/sqlparser/dependency/sqltypes/bind_variables.go:262.40,264.3 1 0
github.com/phnallamothu/sqlparser/dependency/sqltypes/bind_variables.go:265.2,265.15 1 0
github.com/phnallamothu/sqlparser/dependency/sqltypes/plan_value.go:75.35,77.2 1 1
github.com/phnallamothu/sqlparser/dependency/sqltypes/plan_value.go:80.35,82.2 1 1
github.com/phnallamothu/sqlparser/dependency/sqltypes/plan_value.go:85.92,86.9 1 1
github.com/phnallamothu/sqlparser/dependency/sqltypes/plan_value.go:87.20,89.17 2 1
github.com/phnallamothu/sqlparser/dependency/sqltypes/plan_value.go:89.17,91.4 1 1
github.com/phnallamothu/sqlparser/dependency/sqltypes/plan_value.go:92.3,92.45 1 1
github.com/phnallamothu/sqlparser/dependency/sqltypes/plan_value.go:93.26,94.23 1 1
github.com/phnallamothu/sqlparser/dependency/sqltypes/plan_value.go:95.44,98.83 1 1
github.com/phnallamothu/sqlparser/dependency/sqltypes/plan_value.go:100.2,100.18 1 1
github.com/phnallamothu/sqlparser/dependency/sqltypes/plan_value.go:103.107,105.9 2 1
github.com/phnallamothu/sqlparser/dependency/sqltypes/plan_value.go:105.9,107.3 1 1
github.com/phnallamothu/sqlparser/dependency/sqltypes/plan_value.go:108.2,108.35 1 1
github.com/phnallamothu/sqlparser/dependency/sqltypes/plan_value.go:108.35,110.3 1 1
github.com/phnallamothu/sqlparser/dependency/sqltypes/plan_value.go:111.2,111.16 1 1
github.com/phnallamothu/sqlparser/dependency/sqltypes/plan_value.go:115.93,116.9 1 1
github.com/phnallamothu/sqlparser/dependency/sqltypes/plan_value.go:117.24,119.17 2 1
github.com/phnallamothu/sqlparser/dependency/sqltypes/plan_value.go:119.17,121.4 1 1
github.com/phnallamothu/sqlparser/dependency/sqltypes/plan_value.go:122.3,123.33 2 1
github.com/phnallamothu/sqlparser/dependency/sqltypes/plan_value.go:123.33,125.4 1 1
github.com/phnallamothu/sqlparser/dependency/sqltypes/plan_value.go:126.3,126.21 1 1
github.com/phnallamothu/sqlparser/dependency/sqltypes/plan_value.go:127.24,129.33 2 1
github.com/phnallamothu/sqlparser/dependency/sqltypes/plan_value.go:129.33,131.18 2 1
github.com/phnallamothu/sqlparser/dependency/sqltypes/plan_value.go:131.18,133.5 1 1
github.com/phnallamothu/sqlparser/dependency/sqltypes/plan_value.go:134.4,134.30 1 1
github.com/phnallamothu/sqlparser/dependency/sqltypes/plan_value.go:136.3,136.21 1 1
github.com/phnallamothu/sqlparser/dependency/sqltypes/plan_value.go:140.2,140.81 1 1
github.com/phnallamothu/sqlparser/dependency/sqltypes/plan_value.go:143.106,145.9 2 1
github.com/phnallamothu/sqlparser/dependency/sqltypes/plan_value.go:145.9,147.3 1 1
github.com/phnallamothu/sqlparser/dependency/sqltypes/plan_value.go:148.2,148.35 1 1
github.com/phnallamothu/sqlparser/dependency/sqltypes/plan_value.go:148.35,150.3 1 1
github.com/phnallamothu/sqlparser/dependency/sqltypes/plan_value.go:151.2,151.16 1 1
github.com/phnallamothu/sqlparser/dependency/sqltypes/plan_value.go:155.51,156.9 1 0
github.com/phnallamothu/sqlparser/dependency/sqltypes/plan_value.go:157.20,158.36 1 0
github.com/phnallamothu/sqlparser/dependency/sqltypes/plan_value.go:159.26,160.28 1 0
github.com/phnallamothu/sqlparser/dependency/sqltypes/plan_value.go:160.28,162.4 1 0
github.com/phnallamothu/sqlparser/dependency/sqltypes/plan_value.go:163.3,163.43 1 0
github.com/phnallamothu/sqlparser/dependency/sqltypes/plan_value.go:164.24,165.41 1 0
github.com/phnallamothu/sqlparser/dependency/sqltypes/plan_value.go:166.24,167.33 1 0
github.com/phnallamothu/sqlparser/dependency/sqltypes/plan_value.go:169.2,169.28 1 0
github.com/phnallamothu/sqlparser/dependency/sqltypes/plan_value.go:172.88,174.32 2 1
github.com/phnallamothu/sqlparser/dependency/sqltypes/plan_value.go:174.32,175.16 1 1
github.com/phnallamothu/sqlparser/dependency/sqltypes/plan_value.go:176.11,178.14 2 1
github.com/phnallamothu/sqlparser/dependency/sqltypes/plan_value.go:179.10,180.14 1 1
github.com/phnallamothu/sqlparser/dependency/sqltypes/plan_value.go:181.11,182.60 1 1
github.com/phnallamothu/sqlparser/dependency/sqltypes/plan_value.go:186.2,186.25 1 1
github.com/phnallamothu/sqlparser/dependency/sqltypes/plan_value.go:186.25,187.10 1 1
github.com/phnallamothu/sqlparser/dependency/sqltypes/plan_value.go:188.43,189.12 1 1
github.com/phnallamothu/sqlparser/dependency/sqltypes/plan_value.go:190.25,191.51 1 1
github.com/phnallamothu/sqlparser/dependency/sqltypes/plan_value.go:191.51,193.5 1 1
github.com/phnallamothu/sqlparser/dependency/sqltypes/plan_value.go:194.25,196.18 2 1
github.com/phnallamothu/sqlparser/dependency/sqltypes/plan_value.go:196.18,198.5 1 1
github.com/phnallamothu/sqlparser/dependency/sqltypes/plan_value.go:199.4,199.51 1 1
github.com/phnallamothu/sqlparser/dependency/sqltypes/plan_value.go:199.51,201.5 1 1
github.com/phnallamothu/sqlparser/dependency/sqltypes/plan_value.go:205.2,205.17 1 1
github.com/phnallamothu/sqlparser/dependency/sqltypes/plan_value.go:205.17,215.3 1 1
github.com/phnallamothu/sqlparser/dependency/sqltypes/plan_value.go:216.2,216.19 1 1
github.com/phnallamothu/sqlparser/dependency/sqltypes/plan_value.go:220.97,222.16 2 1
github.com/phnallamothu/sqlparser/dependency/sqltypes/plan_value.go:222.16,224.3 1 1
github.com/phnallamothu/sqlparser/dependency/sqltypes/plan_value.go:227.2,228.22 2 1
github.com/phnallamothu/sqlparser/dependency/sqltypes/plan_value.go:228.22,230.3 1 1
github.com/phnallamothu/sqlparser/dependency/sqltypes/plan_value.go:233.2,233.25 1 1
github.com/phnallamothu/sqlparser/dependency/sqltypes/plan_value.go:233.25,234.10 1 1
github.com/phnallamothu/sqlparser/dependency/sqltypes/plan_value.go:235.21,237.18 2 1
github.com/phnallamothu/sqlparser/dependency/sqltypes/plan_value.go:237.18,239.5 1 1
github.com/phnallamothu/sqlparser/dependency/sqltypes/plan_value.go:240.4,240.24 1 1
github.com/phnallamothu/sqlparser/dependency/sqltypes/plan_value.go:240.24,242.5 1 1
github.com/phnallamothu/sqlparser/dependency/sqltypes/plan_value.go:243.27,244.24 1 1
github.com/phnallamothu/sqlparser/dependency/sqltypes/plan_value.go:244.24,246.5 1 1
github.com/phnallamothu/sqlparser/dependency/sqltypes/plan_value.go:247.25,249.18 2 1
github.com/phnallamothu/sqlparser/dependency/sqltypes/plan_value.go:249.18,252.5 1 0
github.com/phnallamothu/sqlparser/dependency/sqltypes/plan_value.go:253.4,253.24 1 1
github.com/phnallamothu/sqlparser/dependency/sqltypes/plan_value.go:253.24,255.5 1 1
github.com/phnallamothu/sqlparser/dependency/sqltypes/plan_value.go:256.25,257.24 1 1
github.com/phnallamothu/sqlparser/dependency/sqltypes/plan_value.go:257.24,259.19 2 1
github.com/phnallamothu/sqlparser/dependency/sqltypes/plan_value.go:259.19,261.6 1 1
github.com/phnallamothu/sqlparser/dependency/sqltypes/plan_value.go:266.2,266.18 1 1
github.com/phnallamothu/sqlparser/dependency/sqltypes/testing.go:115.60,116.14 1 1
github.com/phnallamothu/sqlparser/dependency/sqltypes/testing.go:116.14,118.3 1 0
github.com/phnallamothu/sqlparser/dependency/sqltypes/testing.go:119.2,120.16 2 1
github.com/phnallamothu/sqlparser/dependency/sqltypes/testing.go:120.16,121.13 1 0
github.com/phnallamothu/sqlparser/dependency/sqltypes/testing.go:123.2,123.11 1 1
github.com/phnallamothu/sqlparser/dependency/sqltypes/testing.go:128.52,130.2 1 1
github.com/phnallamothu/sqlparser/dependency/sqltypes/type.go:43.38,45.2 1 1
github.com/phnallamothu/sqlparser/dependency/sqltypes/type.go:49.36,51.2 1 1
github.com/phnallamothu/sqlparser/dependency/sqltypes/type.go:56.38,58.2 1 1
github.com/phnallamothu/sqlparser/dependency/sqltypes/type.go:62.35,64.2 1 1
github.com/phnallamothu/sqlparser/dependency/sqltypes/type.go:68.36,70.2 1 1
github.com/phnallamothu/sqlparser/dependency/sqltypes/type.go:74.34,76.2 1 1
github.com/phnallamothu/sqlparser/dependency/sqltypes/type.go:80.36,82.2 1 1
github.com/phnallamothu/sqlparser/dependency/sqltypes/type.go:85.36,87.2 1 1
github.com/phnallamothu/sqlparser/dependency/sqltypes/type.go:186.61,187.13 1 1
github.com/phnallamothu/sqlparser/dependency/sqltypes/type.go:188.12,189.31 1 1
github.com/phnallamothu/sqlparser/dependency/sqltypes/type.go:189.31,191.4 1 1
github.com/phnallamothu/sqlparser/dependency/sqltypes/type.go:192.3,192.14 1 1
github.com/phnallamothu/sqlparser/dependency/sqltypes/type.go:193.13,194.31 1 1
github.com/phnallamothu/sqlparser/dependency/sqltypes/type.go:194.31,196.4 1 1
github.com/phnallamothu/sqlparser/dependency/sqltypes/type.go:197.3,197.15 1 1
github.com/phnallamothu/sqlparser/dependency/sqltypes/type.go:198.13,199.31 1 1
github.com/phnallamothu/sqlparser/dependency/sqltypes/type.go:199.31,201.4 1 1
github.com/phnallamothu/sqlparser/dependency/sqltypes/type.go:202.3,202.15 1 1
github.com/phnallamothu/sqlparser/dependency/sqltypes/type.go:203.13,204.31 1 1
github.com/phnallamothu/sqlparser/dependency/sqltypes/type.go:204.31,206.4 1 1
github.com/phnallamothu/sqlparser/dependency/sqltypes/type.go:207.3,207.15 1 1
github.com/phnallamothu/sqlparser/dependency/sqltypes/type.go:208.13,209.31 1 1
github.com/phnallamothu/sqlparser/dependency/sqltypes/type.go:209.31,211.4 1 1
github.com/phnallamothu/sqlparser/dependency/sqltypes/type.go:212.3,212.15 1 1
github.com/phnallamothu/sqlparser/dependency/sqltypes/type.go:213.12,214.29 1 1
github.com/phnallamothu/sqlparser/dependency/sqltypes/type.go:214.29,216.4 1 1
github.com/phnallamothu/sqlparser/dependency/sqltypes/type.go:217.3,217.14 1 1
github.com/phnallamothu/sqlparser/dependency/sqltypes/type.go:218.15,219.29 1 1
github.com/phnallamothu/sqlparser/dependency/sqltypes/type.go:219.29,221.4 1 1
github.com/phnallamothu/sqlparser/dependency/sqltypes/type.go:222.3,222.17 1 1
github.com/phnallamothu/sqlparser/dependency/sqltypes/type.go:223.12,224.29 1 1
github.com/phnallamothu/sqlparser/dependency/sqltypes/type.go:224.29,226.4 1 1
github.com/phnallamothu/sqlparser/dependency/sqltypes/type.go:227.3,227.27 1 1
github.com/phnallamothu/sqlparser/dependency/sqltypes/type.go:227.27,229.4 1 1
github.com/phnallamothu/sqlparser/dependency/sqltypes/type.go:230.3,230.26 1 1
github.com/phnallamothu/sqlparser/dependency/sqltypes/type.go:230.26,232.4 1 1
github.com/phnallamothu/sqlparser/dependency/sqltypes/type.go:233.3,233.14 1 1
github.com/phnallamothu/sqlparser/dependency/sqltypes/type.go:235.2,235.12 1 1
github.com/phnallamothu/sqlparser/dependency/sqltypes/type.go:239.72,241.9 2 1
github.com/phnallamothu/sqlparser/dependency/sqltypes/type.go:241.9,243.3 1 1
github.com/phnallamothu/sqlparser/dependency/sqltypes/type.go:244.2,244.39 1 1
github.com/phnallamothu/sqlparser/dependency/sqltypes/type.go:285.61,288.2 2 1
github.com/phnallamothu/sqlparser/dependency/sqltypes/value.go:60.66,61.9 1 1
github.com/phnallamothu/sqlparser/dependency/sqltypes/value.go:62.21,63.65 1 1
github.com/phnallamothu/sqlparser/dependency/sqltypes/value.go:63.65,65.4 1 1
github.com/phnallamothu/sqlparser/dependency/sqltypes/value.go:66.3,66.36 1 1
github.com/phnallamothu/sqlparser/dependency/sqltypes/value.go:67.23,68.66 1 1
github.com/phnallamothu/sqlparser/dependency/sqltypes/value.go:68.66,70.4 1 1
github.com/phnallamothu/sqlparser/dependency/sqltypes/value.go:71.3,71.36 1 1
github.com/phnallamothu/sqlparser/dependency/sqltypes/value.go:72.38,73.64 1 1
github.com/phnallamothu/sqlparser/dependency/sqltypes/value.go:73.64,75.4 1 1
github.com/phnallamothu/sqlparser/dependency/sqltypes/value.go:76.3,76.36 1 1
github.com/phnallamothu/sqlparser/dependency/sqltypes/value.go:77.36,78.36 1 1
github.com/phnallamothu/sqlparser/dependency/sqltypes/value.go:81.2,81.74 1 1
github.com/phnallamothu/sqlparser/dependency/sqltypes/value.go:91.54,92.17 1 1
github.com/phnallamothu/sqlparser/dependency/sqltypes/value.go:92.17,94.3 1 1
github.com/phnallamothu/sqlparser/dependency/sqltypes/value.go:95.2,95.34 1 1
github.com/phnallamothu/sqlparser/dependency/sqltypes/value.go:99.30,101.2 1 1
github.com/phnallamothu/sqlparser/dependency/sqltypes/value.go:104.30,106.2 1 1
github.com/phnallamothu/sqlparser/dependency/sqltypes/value.go:109.32,111.2 1 1
github.com/phnallamothu/sqlparser/dependency/sqltypes/value.go:114.34,116.2 1 1
github.com/phnallamothu/sqlparser/dependency/sqltypes/value.go:119.33,121.2 1 1
github.com/phnallamothu/sqlparser/dependency/sqltypes/value.go:125.35,127.2 1 1
github.com/phnallamothu/sqlparser/dependency/sqltypes/value.go:131.51,133.16 2 1
github.com/phnallamothu/sqlparser/dependency/sqltypes/value.go:133.16,135.3 1 1
github.com/phnallamothu/sqlparser/dependency/sqltypes/value.go:136.2,137.16 2 1
github.com/phnallamothu/sqlparser/dependency/sqltypes/value.go:137.16,139.3 1 1
github.com/phnallamothu/sqlparser/dependency/sqltypes/value.go:140.2,140.72 1 1
github.com/phnallamothu/sqlparser/dependency/sqltypes/value.go:148.57,149.31 1 1
github.com/phnallamothu/sqlparser/dependency/sqltypes/value.go:150.11,151.19 1 1
github.com/phnallamothu/sqlparser/dependency/sqltypes/value.go:152.14,153.44 1 1
github.com/phnallamothu/sqlparser/dependency/sqltypes/value.go:154.13,155.30 1 1
github.com/phnallamothu/sqlparser/dependency/sqltypes/value.go:156.14,157.31 1 1
github.com/phnallamothu/sqlparser/dependency/sqltypes/value.go:158.15,159.32 1 1
github.com/phnallamothu/sqlparser/dependency/sqltypes/value.go:160.14,161.32 1 1
github.com/phnallamothu/sqlparser/dependency/sqltypes/value.go:162.10,163.66 1 1
github.com/phnallamothu/sqlparser/dependency/sqltypes/value.go:168.36,170.2 1 1
github.com/phnallamothu/sqlparser/dependency/sqltypes/value.go:174.29,176.2 1 1
github.com/phnallamothu/sqlparser/dependency/sqltypes/value.go:182.33,183.25 1 1
github.com/phnallamothu/sqlparser/dependency/sqltypes/value.go:183.25,185.3 1 1
github.com/phnallamothu/sqlparser/dependency/sqltypes/value.go:186.2,186.14 1 1
github.com/phnallamothu/sqlparser/dependency/sqltypes/value.go:190.26,192.2 1 1
github.com/phnallamothu/sqlparser/dependency/sqltypes/value.go:196.34,197.25 1 1
github.com/phnallamothu/sqlparser/dependency/sqltypes/value.go:197.25,199.3 1 1
github.com/phnallamothu/sqlparser/dependency/sqltypes/value.go:200.2,200.27 1 1
github.com/phnallamothu/sqlparser/dependency/sqltypes/value.go:204.32,205.19 1 0
github.com/phnallamothu/sqlparser/dependency/sqltypes/value.go:205.19,207.3 1 0
github.com/phnallamothu/sqlparser/dependency/sqltypes/value.go:208.2,208.18 1 0
github.com/phnallamothu/sqlparser/dependency/sqltypes/value.go:208.18,210.3 1 0
github.com/phnallamothu/sqlparser/dependency/sqltypes/value.go:211.2,211.44 1 0
github.com/phnallamothu/sqlparser/dependency/sqltypes/value.go:215.39,216.9 1 1
github.com/phnallamothu/sqlparser/dependency/sqltypes/value.go:217.21,218.19 1 1
github.com/phnallamothu/sqlparser/dependency/sqltypes/value.go:219.20,220.27 1 1
github.com/phnallamothu/sqlparser/dependency/sqltypes/value.go:221.10,222.17 1 1
github.com/phnallamothu/sqlparser/dependency/sqltypes/value.go:227.41,228.9 1 1
github.com/phnallamothu/sqlparser/dependency/sqltypes/value.go:229.21,230.19 1 1
github.com/phnallamothu/sqlparser/dependency/sqltypes/value.go:231.20,232.29 1 1
github.com/phnallamothu/sqlparser/dependency/sqltypes/value.go:233.10,234.17 1 1
github.com/phnallamothu/sqlparser/dependency/sqltypes/value.go:239.30,241.2 1 1
github.com/phnallamothu/sqlparser/dependency/sqltypes/value.go:244.34,246.2 1 1
github.com/phnallamothu/sqlparser/dependency/sqltypes/value.go:249.32,251.2 1 1
github.com/phnallamothu/sqlparser/dependency/sqltypes/value.go:254.34,256.2 1 1
github.com/phnallamothu/sqlparser/dependency/sqltypes/value.go:259.31,261.2 1 1
github.com/phnallamothu/sqlparser/dependency/sqltypes/value.go:264.32,266.2 1 1
github.com/phnallamothu/sqlparser/dependency/sqltypes/value.go:269.30,271.2 1 1
github.com/phnallamothu/sqlparser/dependency/sqltypes/value.go:274.32,276.2 1 1
github.com/phnallamothu/sqlparser/dependency/sqltypes/value.go:280.46,281.9 1 0
github.com/phnallamothu/sqlparser/dependency/sqltypes/value.go:282.20,283.36 1 0
github.com/phnallamothu/sqlparser/dependency/sqltypes/value.go:284.21,285.22 1 0
github.com/phnallamothu/sqlparser/dependency/sqltypes/value.go:287.2,287.19 1 0
github.com/phnallamothu/sqlparser/dependency/sqltypes/value.go:292.47,293.17 1 0
github.com/phnallamothu/sqlparser/dependency/sqltypes/value.go:293.17,295.3 1 0
github.com/phnallamothu/sqlparser/dependency/sqltypes/value.go:296.2,298.14 3 0
github.com/phnallamothu/sqlparser/dependency/sqltypes/value.go:299.11,302.13 3 0
github.com/phnallamothu/sqlparser/dependency/sqltypes/value.go:303.11,306.13 3 0
github.com/phnallamothu/sqlparser/dependency/sqltypes/value.go:307.11,308.32 1 0
github.com/phnallamothu/sqlparser/dependency/sqltypes/value.go:309.10,312.13 3 0
github.com/phnallamothu/sqlparser/dependency/sqltypes/value.go:314.2,314.16 1 0
github.com/phnallamothu/sqlparser/dependency/sqltypes/value.go:314.16,316.3 1 0
github.com/phnallamothu/sqlparser/dependency/sqltypes/value.go:317.2,318.12 2 0
github.com/phnallamothu/sqlparser/dependency/sqltypes/value.go:321.46,324.25 3 1
github.com/phnallamothu/sqlparser/dependency/sqltypes/value.go:324.25,325.65 1 1
github.com/phnallamothu/sqlparser/dependency/sqltypes/value.go:325.65,327.4 1 1
github.com/phnallamothu/sqlparser/dependency/sqltypes/value.go:327.9,330.4 2 1
github.com/phnallamothu/sqlparser/dependency/sqltypes/value.go:332.2,333.22 2 1
github.com/phnallamothu/sqlparser/dependency/sqltypes/value.go:336.48,344.2 7 1
github.com/phnallamothu/sqlparser/dependency/sqltypes/value.go:365.13,366.30 1 1
github.com/phnallamothu/sqlparser/dependency/sqltypes/value.go:366.30,369.3 2 1
github.com/phnallamothu/sqlparser/dependency/sqltypes/value.go:370.2,370.30 1 1
github.com/phnallamothu/sqlparser/dependency/sqltypes/value.go:370.30,371.39 1 1
github.com/phnallamothu/sqlparser/dependency/sqltypes/value.go:371.39,374.4 2 1
github.com/phnallamothu/sqlparser/dependency/hack/hack.go:34.44,41.2 6 1
github.com/phnallamothu/sqlparser/dependency/hack/hack.go:45.51,46.17 1 1
github.com/phnallamothu/sqlparser/dependency/hack/hack.go:46.17,48.3 1 1
github.com/phnallamothu/sqlparser/dependency/hack/hack.go:49.2,49.38 1 1
github.com/phnallamothu/sqlparser/dependency/hack/hack.go:49.38,51.3 1 1
github.com/phnallamothu/sqlparser/dependency/hack/hack.go:52.2,54.37 3 1
github.com/phnallamothu/sqlparser/dependency/hack/hack.go:58.40,60.2 1 1
github.com/phnallamothu/sqlparser/dependency/hack/hack.go:64.34,65.17 1 1
github.com/phnallamothu/sqlparser/dependency/hack/hack.go:65.17,67.3 1 1
github.com/phnallamothu/sqlparser/dependency/hack/hack.go:68.2,72.8 5 1
github.com/phnallamothu/sqlparser/dependency/hack/hack.go:76.45,79.2 2 0
